Lines   total/split/realigned/skipped:	153/5/0/0
Lines   total/split/realigned/skipped:	156/0/0/0
Lines   total/split/realigned/skipped:	159/1/0/0
Lines   total/split/realigned/skipped:	158/2/0/0
Lines   total/split/realigned/skipped:	172/1/0/0
Lines   total/split/realigned/skipped:	156/2/0/0
Lines   total/split/realigned/skipped:	170/3/0/0
Lines   total/split/realigned/skipped:	171/2/0/0
Lines   total/split/realigned/skipped:	165/1/0/0
Lines   total/split/realigned/skipped:	157/1/0/0
Lines   total/split/realigned/skipped:	170/3/0/0
Lines   total/split/realigned/skipped:	179/1/0/0
Lines   total/split/realigned/skipped:	151/1/0/0
Lines   total/split/realigned/skipped:	169/3/0/0
Lines   total/split/realigned/skipped:	167/0/0/0
Lines   total/split/realigned/skipped:	167/5/0/0
Lines   total/split/realigned/skipped:	173/2/0/0
Lines   total/split/realigned/skipped:	158/1/0/0
Lines   total/split/realigned/skipped:	167/3/0/0
Lines   total/split/realigned/skipped:	158/5/0/0
Lines   total/split/realigned/skipped:	148/4/0/0
Lines   total/split/realigned/skipped:	154/2/0/0
Lines   total/split/realigned/skipped:	157/3/0/0
Lines   total/split/realigned/skipped:	173/1/0/0
Lines   total/split/realigned/skipped:	162/1/0/0
Lines   total/split/realigned/skipped:	169/2/0/0
Lines   total/split/realigned/skipped:	171/1/0/0
Lines   total/split/realigned/skipped:	174/2/0/0
Lines   total/split/realigned/skipped:	156/1/0/0
Lines   total/split/realigned/skipped:	152/3/0/0
Lines   total/split/realigned/skipped:	168/5/0/0
Lines   total/split/realigned/skipped:	156/5/0/0
Lines   total/split/realigned/skipped:	175/3/0/0
Lines   total/split/realigned/skipped:	160/1/0/0
Lines   total/split/realigned/skipped:	165/1/0/0
Lines   total/split/realigned/skipped:	157/5/0/0
Lines   total/split/realigned/skipped:	135/1/0/0
Lines   total/split/realigned/skipped:	164/3/0/0
Lines   total/split/realigned/skipped:	177/4/0/0
Lines   total/split/realigned/skipped:	153/2/0/0
Lines   total/split/realigned/skipped:	161/1/0/0
Lines   total/split/realigned/skipped:	169/4/0/0
Lines   total/split/realigned/skipped:	166/1/0/0
Lines   total/split/realigned/skipped:	167/2/0/0
Lines   total/split/realigned/skipped:	147/3/0/0
Lines   total/split/realigned/skipped:	158/2/0/0
Lines   total/split/realigned/skipped:	157/4/0/0
Lines   total/split/realigned/skipped:	162/2/0/0
Lines   total/split/realigned/skipped:	151/3/0/0
Lines   total/split/realigned/skipped:	165/2/0/0
Lines   total/split/realigned/skipped:	153/5/0/0
Lines   total/split/realigned/skipped:	156/0/0/0
Lines   total/split/realigned/skipped:	159/1/0/0
Lines   total/split/realigned/skipped:	158/2/0/0
Lines   total/split/realigned/skipped:	172/1/0/0
Lines   total/split/realigned/skipped:	156/2/0/0
Lines   total/split/realigned/skipped:	170/3/0/0
Lines   total/split/realigned/skipped:	171/2/0/0
Lines   total/split/realigned/skipped:	165/1/0/0
Lines   total/split/realigned/skipped:	157/1/0/0
Lines   total/split/realigned/skipped:	170/3/0/0
Lines   total/split/realigned/skipped:	179/1/0/0
Lines   total/split/realigned/skipped:	151/1/0/0
Lines   total/split/realigned/skipped:	169/3/0/0
Lines   total/split/realigned/skipped:	167/0/0/0
Lines   total/split/realigned/skipped:	167/5/0/0
Lines   total/split/realigned/skipped:	173/2/0/0
Lines   total/split/realigned/skipped:	158/1/0/0
Lines   total/split/realigned/skipped:	167/3/0/0
Lines   total/split/realigned/skipped:	158/5/0/0
Lines   total/split/realigned/skipped:	148/4/0/0
Lines   total/split/realigned/skipped:	154/2/0/0
Lines   total/split/realigned/skipped:	157/3/0/0
Lines   total/split/realigned/skipped:	173/1/0/0
Lines   total/split/realigned/skipped:	162/1/0/0
Lines   total/split/realigned/skipped:	169/2/0/0
Lines   total/split/realigned/skipped:	171/1/0/0
Lines   total/split/realigned/skipped:	174/2/0/0
Lines   total/split/realigned/skipped:	156/1/0/0
Lines   total/split/realigned/skipped:	152/3/0/0
Lines   total/split/realigned/skipped:	168/5/0/0
Lines   total/split/realigned/skipped:	156/5/0/0
Lines   total/split/realigned/skipped:	175/3/0/0
Lines   total/split/realigned/skipped:	160/1/0/0
Lines   total/split/realigned/skipped:	165/1/0/0
Lines   total/split/realigned/skipped:	157/5/0/0
Lines   total/split/realigned/skipped:	135/1/0/0
Lines   total/split/realigned/skipped:	164/3/0/0
Lines   total/split/realigned/skipped:	177/4/0/0
Lines   total/split/realigned/skipped:	153/2/0/0
Lines   total/split/realigned/skipped:	161/1/0/0
Lines   total/split/realigned/skipped:	169/4/0/0
Lines   total/split/realigned/skipped:	166/1/0/0
Lines   total/split/realigned/skipped:	167/2/0/0
Lines   total/split/realigned/skipped:	147/3/0/0
Lines   total/split/realigned/skipped:	158/2/0/0
Lines   total/split/realigned/skipped:	157/4/0/0
Lines   total/split/realigned/skipped:	162/2/0/0
Lines   total/split/realigned/skipped:	151/3/0/0
Lines   total/split/realigned/skipped:	165/2/0/0
Lines   total/split/realigned/skipped:	161/1/0/0
Lines   total/split/realigned/skipped:	169/2/0/0
Lines   total/split/realigned/skipped:	146/2/0/0
Lines   total/split/realigned/skipped:	164/4/0/0
Lines   total/split/realigned/skipped:	167/5/0/0
Lines   total/split/realigned/skipped:	167/1/0/0
Lines   total/split/realigned/skipped:	173/2/0/0
Lines   total/split/realigned/skipped:	155/1/0/0
Lines   total/split/realigned/skipped:	163/1/0/0
Lines   total/split/realigned/skipped:	162/2/0/0
Lines   total/split/realigned/skipped:	158/2/0/0
Lines   total/split/realigned/skipped:	159/1/0/0
Lines   total/split/realigned/skipped:	162/4/0/0
Lines   total/split/realigned/skipped:	171/3/0/0
Lines   total/split/realigned/skipped:	146/7/0/0
Lines   total/split/realigned/skipped:	168/5/0/0
Lines   total/split/realigned/skipped:	166/0/0/0
Lines   total/split/realigned/skipped:	173/2/0/0
Lines   total/split/realigned/skipped:	163/1/0/0
Lines   total/split/realigned/skipped:	173/4/0/0
Lines   total/split/realigned/skipped:	154/3/0/0
Lines   total/split/realigned/skipped:	161/2/0/0
Lines   total/split/realigned/skipped:	170/1/0/0
Lines   total/split/realigned/skipped:	163/1/0/0
Lines   total/split/realigned/skipped:	164/4/0/0
Lines   total/split/realigned/skipped:	155/2/0/0
Lines   total/split/realigned/skipped:	160/2/0/0
Lines   total/split/realigned/skipped:	158/2/0/0
Lines   total/split/realigned/skipped:	156/3/0/0
Lines   total/split/realigned/skipped:	165/1/0/0
Lines   total/split/realigned/skipped:	167/4/0/0
Lines   total/split/realigned/skipped:	163/5/0/0
Lines   total/split/realigned/skipped:	169/1/0/0
Lines   total/split/realigned/skipped:	172/2/0/0
Lines   total/split/realigned/skipped:	150/3/0/0
Lines   total/split/realigned/skipped:	171/1/0/0
Lines   total/split/realigned/skipped:	158/2/0/0
Lines   total/split/realigned/skipped:	149/3/0/0
Lines   total/split/realigned/skipped:	169/3/0/0
Lines   total/split/realigned/skipped:	161/2/0/0
Lines   total/split/realigned/skipped:	173/2/0/0
Lines   total/split/realigned/skipped:	153/4/0/0
Lines   total/split/realigned/skipped:	164/5/0/0
Lines   total/split/realigned/skipped:	169/5/0/0
Lines   total/split/realigned/skipped:	152/2/0/0
Lines   total/split/realigned/skipped:	159/5/0/0
Lines   total/split/realigned/skipped:	157/4/0/0
Lines   total/split/realigned/skipped:	133/4/0/0
Lines   total/split/realigned/skipped:	166/1/0/0
Lines   total/split/realigned/skipped:	164/2/0/0
Lines   total/split/realigned/skipped:	169/1/0/0
Lines   total/split/realigned/skipped:	168/1/0/0
Lines   total/split/realigned/skipped:	156/1/0/0
Lines   total/split/realigned/skipped:	151/0/0/0
Lines   total/split/realigned/skipped:	160/2/0/0
Lines   total/split/realigned/skipped:	173/3/0/0
Lines   total/split/realigned/skipped:	163/2/0/0
Lines   total/split/realigned/skipped:	166/0/0/0
Lines   total/split/realigned/skipped:	166/2/0/0
Lines   total/split/realigned/skipped:	162/3/0/0
Lines   total/split/realigned/skipped:	161/3/0/0
Lines   total/split/realigned/skipped:	161/3/0/0
Lines   total/split/realigned/skipped:	166/1/0/0
Lines   total/split/realigned/skipped:	158/1/0/0
Lines   total/split/realigned/skipped:	167/5/0/0
[E::hts_open_format] Failed to open file "NA" : No such file or directory
Could not read NA
Failed to read from standard input: unknown file type
Failed to read from standard input: unknown file type
Failed to read from standard input: unknown file type
Lines   total/split/realigned/skipped:	162/2/0/0
Lines   total/split/realigned/skipped:	160/2/0/0
Lines   total/split/realigned/skipped:	179/3/0/0
Lines   total/split/realigned/skipped:	167/4/0/0
Lines   total/split/realigned/skipped:	168/1/0/0
Lines   total/split/realigned/skipped:	162/3/0/0
Lines   total/split/realigned/skipped:	173/2/0/0
Lines   total/split/realigned/skipped:	162/4/0/0
Lines   total/split/realigned/skipped:	159/3/0/0
Lines   total/split/realigned/skipped:	166/4/0/0
Lines   total/split/realigned/skipped:	165/1/0/0
Lines   total/split/realigned/skipped:	167/2/0/0
Lines   total/split/realigned/skipped:	151/1/0/0
Lines   total/split/realigned/skipped:	160/3/0/0
Lines   total/split/realigned/skipped:	168/2/0/0
Lines   total/split/realigned/skipped:	165/2/0/0
Lines   total/split/realigned/skipped:	151/1/0/0
Lines   total/split/realigned/skipped:	165/2/0/0
Lines   total/split/realigned/skipped:	168/0/0/0
Lines   total/split/realigned/skipped:	163/1/0/0
Lines   total/split/realigned/skipped:	163/4/0/0
Lines   total/split/realigned/skipped:	182/2/0/0
Lines   total/split/realigned/skipped:	156/0/0/0
Lines   total/split/realigned/skipped:	157/4/0/0
Lines   total/split/realigned/skipped:	157/3/0/0
Lines   total/split/realigned/skipped:	159/2/0/0
Lines   total/split/realigned/skipped:	159/2/0/0
Lines   total/split/realigned/skipped:	165/2/0/0
Lines   total/split/realigned/skipped:	155/4/0/0
Lines   total/split/realigned/skipped:	164/3/0/0
Lines   total/split/realigned/skipped:	159/5/0/0
Lines   total/split/realigned/skipped:	174/3/0/0
Lines   total/split/realigned/skipped:	162/4/0/0
Lines   total/split/realigned/skipped:	164/2/0/0
Lines   total/split/realigned/skipped:	161/2/0/0
Lines   total/split/realigned/skipped:	172/1/0/0
Lines   total/split/realigned/skipped:	173/1/0/0
Lines   total/split/realigned/skipped:	168/3/0/0
Lines   total/split/realigned/skipped:	164/3/0/0
Lines   total/split/realigned/skipped:	163/1/0/0
Lines   total/split/realigned/skipped:	162/0/0/0
Lines   total/split/realigned/skipped:	170/6/0/0
Lines   total/split/realigned/skipped:	159/1/0/0
Lines   total/split/realigned/skipped:	168/4/0/0
Lines   total/split/realigned/skipped:	162/3/0/0
Lines   total/split/realigned/skipped:	171/3/0/0
Lines   total/split/realigned/skipped:	152/2/0/0
Lines   total/split/realigned/skipped:	159/3/0/0
Lines   total/split/realigned/skipped:	166/2/0/0
Lines   total/split/realigned/skipped:	170/2/0/0
Lines   total/split/realigned/skipped:	173/1/0/0
Lines   total/split/realigned/skipped:	158/2/0/0
Lines   total/split/realigned/skipped:	168/2/0/0
Lines   total/split/realigned/skipped:	153/2/0/0
Lines   total/split/realigned/skipped:	166/5/0/0
Lines   total/split/realigned/skipped:	159/2/0/0
Lines   total/split/realigned/skipped:	164/2/0/0
Lines   total/split/realigned/skipped:	173/3/0/0
Lines   total/split/realigned/skipped:	162/1/0/0
Lines   total/split/realigned/skipped:	168/2/0/0
Lines   total/split/realigned/skipped:	159/2/0/0
Lines   total/split/realigned/skipped:	165/2/0/0
Lines   total/split/realigned/skipped:	160/3/0/0
Lines   total/split/realigned/skipped:	158/1/0/0
Lines   total/split/realigned/skipped:	157/3/0/0
Lines   total/split/realigned/skipped:	153/3/0/0
Lines   total/split/realigned/skipped:	156/3/0/0
Lines   total/split/realigned/skipped:	170/4/0/0
Lines   total/split/realigned/skipped:	160/3/0/0
Lines   total/split/realigned/skipped:	162/5/0/0
Lines   total/split/realigned/skipped:	159/3/0/0
Lines   total/split/realigned/skipped:	170/5/0/0
Lines   total/split/realigned/skipped:	156/2/0/0
Lines   total/split/realigned/skipped:	165/3/0/0
Lines   total/split/realigned/skipped:	155/4/0/0
Lines   total/split/realigned/skipped:	158/1/0/0
Lines   total/split/realigned/skipped:	148/2/0/0
Lines   total/split/realigned/skipped:	165/0/0/0
Lines   total/split/realigned/skipped:	177/0/0/0
Lines   total/split/realigned/skipped:	163/2/0/0
Lines   total/split/realigned/skipped:	164/2/0/0
Lines   total/split/realigned/skipped:	159/1/0/0
Lines   total/split/realigned/skipped:	151/2/0/0
Lines   total/split/realigned/skipped:	154/3/0/0
Lines   total/split/realigned/skipped:	162/4/0/0
Lines   total/split/realigned/skipped:	181/3/0/0
Lines   total/split/realigned/skipped:	153/3/0/0
Lines   total/split/realigned/skipped:	164/3/0/0
Lines   total/split/realigned/skipped:	151/3/0/0
Lines   total/split/realigned/skipped:	164/1/0/0
Lines   total/split/realigned/skipped:	171/2/0/0
Lines   total/split/realigned/skipped:	165/1/0/0
Lines   total/split/realigned/skipped:	163/1/0/0
Lines   total/split/realigned/skipped:	163/3/0/0
Lines   total/split/realigned/skipped:	161/3/0/0
Lines   total/split/realigned/skipped:	170/5/0/0
Lines   total/split/realigned/skipped:	166/1/0/0
Lines   total/split/realigned/skipped:	158/3/0/0
Lines   total/split/realigned/skipped:	168/1/0/0
Lines   total/split/realigned/skipped:	148/4/0/0
Lines   total/split/realigned/skipped:	160/1/0/0
Lines   total/split/realigned/skipped:	170/2/0/0
Lines   total/split/realigned/skipped:	165/2/0/0
Lines   total/split/realigned/skipped:	151/3/0/0
Lines   total/split/realigned/skipped:	166/3/0/0
Lines   total/split/realigned/skipped:	159/1/0/0
Lines   total/split/realigned/skipped:	159/3/0/0
Lines   total/split/realigned/skipped:	159/3/0/0
Lines   total/split/realigned/skipped:	164/1/0/0
Lines   total/split/realigned/skipped:	160/1/0/0
[E::hts_open_format] Failed to open file "NA" : No such file or directory
Could not read NA
Failed to read from standard input: unknown file type
Failed to read from standard input: unknown file type
Failed to read from standard input: unknown file type
Lines   total/split/realigned/skipped:	164/3/0/0
Lines   total/split/realigned/skipped:	170/2/0/0
Lines   total/split/realigned/skipped:	172/4/0/0
Lines   total/split/realigned/skipped:	163/0/0/0
Lines   total/split/realigned/skipped:	182/4/0/0
Lines   total/split/realigned/skipped:	170/4/0/0
Lines   total/split/realigned/skipped:	146/5/0/0
Lines   total/split/realigned/skipped:	172/4/0/0
Lines   total/split/realigned/skipped:	157/2/0/0
Lines   total/split/realigned/skipped:	167/2/0/0
Lines   total/split/realigned/skipped:	158/3/0/0
Lines   total/split/realigned/skipped:	168/3/0/0
Lines   total/split/realigned/skipped:	167/1/0/0
Lines   total/split/realigned/skipped:	171/2/0/0
Lines   total/split/realigned/skipped:	154/4/0/0
Lines   total/split/realigned/skipped:	162/4/0/0
Lines   total/split/realigned/skipped:	173/5/0/0
Lines   total/split/realigned/skipped:	171/4/0/0
Lines   total/split/realigned/skipped:	165/3/0/0
Lines   total/split/realigned/skipped:	154/2/0/0
Lines   total/split/realigned/skipped:	170/4/0/0
Lines   total/split/realigned/skipped:	171/2/0/0
Lines   total/split/realigned/skipped:	174/3/0/0
Lines   total/split/realigned/skipped:	166/2/0/0
Lines   total/split/realigned/skipped:	163/3/0/0
Lines   total/split/realigned/skipped:	170/3/0/0
Lines   total/split/realigned/skipped:	172/1/0/0
Lines   total/split/realigned/skipped:	179/0/0/0
Lines   total/split/realigned/skipped:	164/5/0/0
Lines   total/split/realigned/skipped:	179/1/0/0
Lines   total/split/realigned/skipped:	160/1/0/0
Lines   total/split/realigned/skipped:	158/2/0/0
Lines   total/split/realigned/skipped:	156/4/0/0
Lines   total/split/realigned/skipped:	168/4/0/0
Lines   total/split/realigned/skipped:	161/0/0/0
Lines   total/split/realigned/skipped:	163/6/0/0
Lines   total/split/realigned/skipped:	157/1/0/0
Lines   total/split/realigned/skipped:	158/0/0/0
Lines   total/split/realigned/skipped:	159/2/0/0
Lines   total/split/realigned/skipped:	163/1/0/0
Lines   total/split/realigned/skipped:	163/3/0/0
Lines   total/split/realigned/skipped:	161/4/0/0
Lines   total/split/realigned/skipped:	171/3/0/0
Lines   total/split/realigned/skipped:	161/3/0/0
Lines   total/split/realigned/skipped:	153/5/0/0
Lines   total/split/realigned/skipped:	166/1/0/0
Lines   total/split/realigned/skipped:	146/3/0/0
Lines   total/split/realigned/skipped:	164/1/0/0
Lines   total/split/realigned/skipped:	166/2/0/0
Lines   total/split/realigned/skipped:	161/5/0/0
Lines   total/split/realigned/skipped:	161/4/0/0
Lines   total/split/realigned/skipped:	167/3/0/0
Lines   total/split/realigned/skipped:	168/3/0/0
Lines   total/split/realigned/skipped:	165/4/0/0
Lines   total/split/realigned/skipped:	164/1/0/0
Lines   total/split/realigned/skipped:	173/1/0/0
Lines   total/split/realigned/skipped:	172/5/0/0
Lines   total/split/realigned/skipped:	171/5/0/0
Lines   total/split/realigned/skipped:	169/4/0/0
Lines   total/split/realigned/skipped:	157/2/0/0
Lines   total/split/realigned/skipped:	173/3/0/0
Lines   total/split/realigned/skipped:	153/3/0/0
Lines   total/split/realigned/skipped:	167/1/0/0
Lines   total/split/realigned/skipped:	155/2/0/0
Lines   total/split/realigned/skipped:	166/3/0/0
Lines   total/split/realigned/skipped:	159/2/0/0
Lines   total/split/realigned/skipped:	150/1/0/0
Lines   total/split/realigned/skipped:	169/1/0/0
Lines   total/split/realigned/skipped:	158/2/0/0
Lines   total/split/realigned/skipped:	159/3/0/0
Lines   total/split/realigned/skipped:	170/5/0/0
Lines   total/split/realigned/skipped:	168/0/0/0
Lines   total/split/realigned/skipped:	170/2/0/0
Lines   total/split/realigned/skipped:	160/3/0/0
Lines   total/split/realigned/skipped:	167/0/0/0
Lines   total/split/realigned/skipped:	153/2/0/0
Lines   total/split/realigned/skipped:	157/2/0/0
Lines   total/split/realigned/skipped:	167/1/0/0
Lines   total/split/realigned/skipped:	171/4/0/0
Lines   total/split/realigned/skipped:	167/1/0/0
Lines   total/split/realigned/skipped:	155/2/0/0
Lines   total/split/realigned/skipped:	165/8/0/0
Lines   total/split/realigned/skipped:	166/2/0/0
Lines   total/split/realigned/skipped:	166/3/0/0
Lines   total/split/realigned/skipped:	170/0/0/0
Lines   total/split/realigned/skipped:	159/2/0/0
Lines   total/split/realigned/skipped:	168/4/0/0
Lines   total/split/realigned/skipped:	169/2/0/0
Lines   total/split/realigned/skipped:	162/3/0/0
Lines   total/split/realigned/skipped:	173/0/0/0
Lines   total/split/realigned/skipped:	169/1/0/0
Lines   total/split/realigned/skipped:	159/3/0/0
Lines   total/split/realigned/skipped:	172/2/0/0
Lines   total/split/realigned/skipped:	161/5/0/0
Lines   total/split/realigned/skipped:	150/2/0/0
Lines   total/split/realigned/skipped:	176/1/0/0
Lines   total/split/realigned/skipped:	171/1/0/0
Lines   total/split/realigned/skipped:	154/1/0/0
Lines   total/split/realigned/skipped:	156/4/0/0
Lines   total/split/realigned/skipped:	163/3/0/0
Lines   total/split/realigned/skipped:	152/2/0/0
Lines   total/split/realigned/skipped:	161/3/0/0
Lines   total/split/realigned/skipped:	172/2/0/0
Lines   total/split/realigned/skipped:	153/2/0/0
Lines   total/split/realigned/skipped:	161/1/0/0
Lines   total/split/realigned/skipped:	181/2/0/0
Lines   total/split/realigned/skipped:	157/3/0/0
Lines   total/split/realigned/skipped:	164/1/0/0
Lines   total/split/realigned/skipped:	174/2/0/0
Lines   total/split/realigned/skipped:	160/2/0/0
Lines   total/split/realigned/skipped:	169/4/0/0
Lines   total/split/realigned/skipped:	154/3/0/0
Lines   total/split/realigned/skipped:	166/6/0/0
Lines   total/split/realigned/skipped:	175/2/0/0
Lines   total/split/realigned/skipped:	165/2/0/0
Lines   total/split/realigned/skipped:	167/0/0/0
Lines   total/split/realigned/skipped:	159/2/0/0
Lines   total/split/realigned/skipped:	160/1/0/0
Lines   total/split/realigned/skipped:	157/4/0/0
Lines   total/split/realigned/skipped:	147/3/0/0
Lines   total/split/realigned/skipped:	180/9/0/0
Lines   total/split/realigned/skipped:	154/2/0/0
Lines   total/split/realigned/skipped:	168/4/0/0
Lines   total/split/realigned/skipped:	165/1/0/0
Lines   total/split/realigned/skipped:	168/5/0/0
Lines   total/split/realigned/skipped:	169/1/0/0
Lines   total/split/realigned/skipped:	168/5/0/0
Lines   total/split/realigned/skipped:	153/4/0/0
Lines   total/split/realigned/skipped:	175/3/0/0
Lines   total/split/realigned/skipped:	158/5/0/0
Lines   total/split/realigned/skipped:	162/1/0/0
Lines   total/split/realigned/skipped:	153/2/0/0
Lines   total/split/realigned/skipped:	168/5/0/0
Lines   total/split/realigned/skipped:	158/3/0/0
Lines   total/split/realigned/skipped:	147/1/0/0
Lines   total/split/realigned/skipped:	169/3/0/0
Lines   total/split/realigned/skipped:	164/1/0/0
Lines   total/split/realigned/skipped:	165/5/0/0
Lines   total/split/realigned/skipped:	154/3/0/0
Lines   total/split/realigned/skipped:	159/2/0/0
Lines   total/split/realigned/skipped:	165/3/0/0
Lines   total/split/realigned/skipped:	167/3/0/0
Lines   total/split/realigned/skipped:	157/4/0/0
Lines   total/split/realigned/skipped:	174/3/0/0
[E::hts_open_format] Failed to open file "NA" : No such file or directory
Could not read NA
Failed to read from standard input: unknown file type
Failed to read from standard input: unknown file type
Failed to read from standard input: unknown file type
Lines   total/split/realigned/skipped:	165/3/0/0
Lines   total/split/realigned/skipped:	166/3/0/0
Lines   total/split/realigned/skipped:	173/1/0/0
Lines   total/split/realigned/skipped:	167/3/0/0
Lines   total/split/realigned/skipped:	165/1/0/0
Lines   total/split/realigned/skipped:	147/3/0/0
Lines   total/split/realigned/skipped:	169/1/0/0
Lines   total/split/realigned/skipped:	168/1/0/0
Lines   total/split/realigned/skipped:	169/2/0/0
Lines   total/split/realigned/skipped:	162/4/0/0
Lines   total/split/realigned/skipped:	171/5/0/0
Lines   total/split/realigned/skipped:	162/2/0/0
Lines   total/split/realigned/skipped:	163/1/0/0
Lines   total/split/realigned/skipped:	161/3/0/0
Lines   total/split/realigned/skipped:	151/2/0/0
Lines   total/split/realigned/skipped:	162/1/0/0
Lines   total/split/realigned/skipped:	155/1/0/0
Lines   total/split/realigned/skipped:	160/3/0/0
Lines   total/split/realigned/skipped:	161/2/0/0
Lines   total/split/realigned/skipped:	158/3/0/0
Lines   total/split/realigned/skipped:	150/2/0/0
Lines   total/split/realigned/skipped:	161/2/0/0
Lines   total/split/realigned/skipped:	156/3/0/0
Lines   total/split/realigned/skipped:	158/4/0/0
Lines   total/split/realigned/skipped:	161/2/0/0
Lines   total/split/realigned/skipped:	177/1/0/0
Lines   total/split/realigned/skipped:	181/4/0/0
Lines   total/split/realigned/skipped:	166/1/0/0
Lines   total/split/realigned/skipped:	161/3/0/0
Lines   total/split/realigned/skipped:	164/3/0/0
Lines   total/split/realigned/skipped:	149/4/0/0
Lines   total/split/realigned/skipped:	172/4/0/0
Lines   total/split/realigned/skipped:	166/3/0/0
Lines   total/split/realigned/skipped:	155/2/0/0
Lines   total/split/realigned/skipped:	166/3/0/0
Lines   total/split/realigned/skipped:	174/2/0/0
Lines   total/split/realigned/skipped:	159/4/0/0
Lines   total/split/realigned/skipped:	160/3/0/0
Lines   total/split/realigned/skipped:	154/2/0/0
Lines   total/split/realigned/skipped:	159/2/0/0
Lines   total/split/realigned/skipped:	167/5/0/0
Lines   total/split/realigned/skipped:	169/2/0/0
Lines   total/split/realigned/skipped:	161/2/0/0
Lines   total/split/realigned/skipped:	168/5/0/0
Lines   total/split/realigned/skipped:	165/1/0/0
Lines   total/split/realigned/skipped:	161/3/0/0
Lines   total/split/realigned/skipped:	178/3/0/0
Lines   total/split/realigned/skipped:	149/3/0/0
Lines   total/split/realigned/skipped:	161/2/0/0
Lines   total/split/realigned/skipped:	173/2/0/0
Lines   total/split/realigned/skipped:	148/4/0/0
Lines   total/split/realigned/skipped:	162/1/0/0
Lines   total/split/realigned/skipped:	133/1/0/0
Lines   total/split/realigned/skipped:	170/1/0/0
Lines   total/split/realigned/skipped:	179/4/0/0
Lines   total/split/realigned/skipped:	165/2/0/0
Lines   total/split/realigned/skipped:	154/4/0/0
Lines   total/split/realigned/skipped:	169/2/0/0
Lines   total/split/realigned/skipped:	163/2/0/0
Lines   total/split/realigned/skipped:	147/6/0/0
Lines   total/split/realigned/skipped:	164/4/0/0
Lines   total/split/realigned/skipped:	160/2/0/0
Lines   total/split/realigned/skipped:	156/2/0/0
Lines   total/split/realigned/skipped:	158/5/0/0
Lines   total/split/realigned/skipped:	155/3/0/0
Lines   total/split/realigned/skipped:	175/4/0/0
Lines   total/split/realigned/skipped:	167/3/0/0
Lines   total/split/realigned/skipped:	157/2/0/0
Lines   total/split/realigned/skipped:	159/3/0/0
Lines   total/split/realigned/skipped:	160/2/0/0
Lines   total/split/realigned/skipped:	167/1/0/0
Lines   total/split/realigned/skipped:	165/2/0/0
Lines   total/split/realigned/skipped:	153/3/0/0
Lines   total/split/realigned/skipped:	179/2/0/0
Lines   total/split/realigned/skipped:	155/2/0/0
Lines   total/split/realigned/skipped:	169/1/0/0
Lines   total/split/realigned/skipped:	155/0/0/0
Lines   total/split/realigned/skipped:	141/4/0/0
Lines   total/split/realigned/skipped:	163/3/0/0
Lines   total/split/realigned/skipped:	166/4/0/0
Lines   total/split/realigned/skipped:	153/0/0/0
Lines   total/split/realigned/skipped:	164/3/0/0
Lines   total/split/realigned/skipped:	170/3/0/0
Lines   total/split/realigned/skipped:	156/4/0/0
Lines   total/split/realigned/skipped:	173/1/0/0
Lines   total/split/realigned/skipped:	158/3/0/0
Lines   total/split/realigned/skipped:	162/4/0/0
Lines   total/split/realigned/skipped:	157/2/0/0
Lines   total/split/realigned/skipped:	154/0/0/0
Lines   total/split/realigned/skipped:	171/2/0/0
Lines   total/split/realigned/skipped:	157/1/0/0
Lines   total/split/realigned/skipped:	151/2/0/0
Lines   total/split/realigned/skipped:	162/0/0/0
Lines   total/split/realigned/skipped:	172/1/0/0
Lines   total/split/realigned/skipped:	170/3/0/0
Lines   total/split/realigned/skipped:	162/4/0/0
Lines   total/split/realigned/skipped:	165/3/0/0
Lines   total/split/realigned/skipped:	163/2/0/0
Lines   total/split/realigned/skipped:	164/4/0/0
Lines   total/split/realigned/skipped:	148/2/0/0
Lines   total/split/realigned/skipped:	156/2/0/0
Lines   total/split/realigned/skipped:	167/5/0/0
Lines   total/split/realigned/skipped:	150/2/0/0
Lines   total/split/realigned/skipped:	165/3/0/0
Lines   total/split/realigned/skipped:	135/3/0/0
Lines   total/split/realigned/skipped:	166/1/0/0
Lines   total/split/realigned/skipped:	174/2/0/0
Lines   total/split/realigned/skipped:	155/1/0/0
Lines   total/split/realigned/skipped:	159/6/0/0
Lines   total/split/realigned/skipped:	159/3/0/0
Lines   total/split/realigned/skipped:	152/2/0/0
Lines   total/split/realigned/skipped:	156/2/0/0
Lines   total/split/realigned/skipped:	159/2/0/0
Lines   total/split/realigned/skipped:	158/3/0/0
Lines   total/split/realigned/skipped:	161/1/0/0
Lines   total/split/realigned/skipped:	160/0/0/0
Lines   total/split/realigned/skipped:	174/1/0/0
Lines   total/split/realigned/skipped:	171/2/0/0
Lines   total/split/realigned/skipped:	159/1/0/0
Lines   total/split/realigned/skipped:	158/5/0/0
Lines   total/split/realigned/skipped:	154/0/0/0
Lines   total/split/realigned/skipped:	161/2/0/0
Lines   total/split/realigned/skipped:	168/2/0/0
Lines   total/split/realigned/skipped:	153/5/0/0
Lines   total/split/realigned/skipped:	157/1/0/0
Lines   total/split/realigned/skipped:	151/1/0/0
Lines   total/split/realigned/skipped:	165/2/0/0
Lines   total/split/realigned/skipped:	159/7/0/0
Lines   total/split/realigned/skipped:	166/1/0/0
Lines   total/split/realigned/skipped:	165/6/0/0
Lines   total/split/realigned/skipped:	148/3/0/0
Lines   total/split/realigned/skipped:	168/4/0/0
Lines   total/split/realigned/skipped:	162/2/0/0
Lines   total/split/realigned/skipped:	165/3/0/0
Lines   total/split/realigned/skipped:	148/3/0/0
Lines   total/split/realigned/skipped:	158/3/0/0
Lines   total/split/realigned/skipped:	150/4/0/0
Lines   total/split/realigned/skipped:	156/2/0/0
Lines   total/split/realigned/skipped:	162/3/0/0
Lines   total/split/realigned/skipped:	166/2/0/0
Lines   total/split/realigned/skipped:	147/1/0/0
Lines   total/split/realigned/skipped:	161/4/0/0
Lines   total/split/realigned/skipped:	158/3/0/0
Lines   total/split/realigned/skipped:	154/4/0/0
Lines   total/split/realigned/skipped:	160/2/0/0
Lines   total/split/realigned/skipped:	165/4/0/0
Lines   total/split/realigned/skipped:	150/4/0/0
Lines   total/split/realigned/skipped:	140/4/0/0
Lines   total/split/realigned/skipped:	155/3/0/0
Lines   total/split/realigned/skipped:	161/3/0/0
Lines   total/split/realigned/skipped:	163/1/0/0
Lines   total/split/realigned/skipped:	152/1/0/0
Lines   total/split/realigned/skipped:	165/3/0/0
Lines   total/split/realigned/skipped:	154/2/0/0
Lines   total/split/realigned/skipped:	162/2/0/0
Lines   total/split/realigned/skipped:	165/3/0/0
Lines   total/split/realigned/skipped:	154/3/0/0
Lines   total/split/realigned/skipped:	160/1/0/0
Lines   total/split/realigned/skipped:	177/2/0/0
Lines   total/split/realigned/skipped:	162/4/0/0
Lines   total/split/realigned/skipped:	164/2/0/0
Lines   total/split/realigned/skipped:	166/1/0/0
Lines   total/split/realigned/skipped:	163/4/0/0
Lines   total/split/realigned/skipped:	141/4/0/0
Lines   total/split/realigned/skipped:	147/2/0/0
Lines   total/split/realigned/skipped:	168/1/0/0
Lines   total/split/realigned/skipped:	137/4/0/0
Lines   total/split/realigned/skipped:	167/5/0/0
Lines   total/split/realigned/skipped:	152/0/0/0
Lines   total/split/realigned/skipped:	161/5/0/0
Lines   total/split/realigned/skipped:	155/1/0/0
Lines   total/split/realigned/skipped:	155/0/0/0
Lines   total/split/realigned/skipped:	161/4/0/0
Lines   total/split/realigned/skipped:	151/1/0/0
Lines   total/split/realigned/skipped:	163/2/0/0
Lines   total/split/realigned/skipped:	162/1/0/0
Lines   total/split/realigned/skipped:	166/2/0/0
Lines   total/split/realigned/skipped:	159/5/0/0
Lines   total/split/realigned/skipped:	178/2/0/0
Lines   total/split/realigned/skipped:	156/3/0/0
Lines   total/split/realigned/skipped:	172/4/0/0
Lines   total/split/realigned/skipped:	168/2/0/0
Lines   total/split/realigned/skipped:	168/1/0/0
Lines   total/split/realigned/skipped:	159/4/0/0
Lines   total/split/realigned/skipped:	151/6/0/0
Lines   total/split/realigned/skipped:	154/2/0/0
Lines   total/split/realigned/skipped:	166/3/0/0
Lines   total/split/realigned/skipped:	154/4/0/0
Lines   total/split/realigned/skipped:	149/2/0/0
Lines   total/split/realigned/skipped:	148/2/0/0
Lines   total/split/realigned/skipped:	160/4/0/0
Lines   total/split/realigned/skipped:	168/2/0/0
Lines   total/split/realigned/skipped:	162/2/0/0
Lines   total/split/realigned/skipped:	166/1/0/0
Lines   total/split/realigned/skipped:	156/2/0/0
Lines   total/split/realigned/skipped:	158/3/0/0
Lines   total/split/realigned/skipped:	183/4/0/0
Lines   total/split/realigned/skipped:	170/3/0/0
Lines   total/split/realigned/skipped:	165/1/0/0
Lines   total/split/realigned/skipped:	164/2/0/0
Lines   total/split/realigned/skipped:	155/2/0/0
Lines   total/split/realigned/skipped:	159/1/0/0
Lines   total/split/realigned/skipped:	161/3/0/0
Lines   total/split/realigned/skipped:	155/3/0/0
Lines   total/split/realigned/skipped:	156/1/0/0
Lines   total/split/realigned/skipped:	156/1/0/0
Lines   total/split/realigned/skipped:	158/2/0/0
Lines   total/split/realigned/skipped:	143/0/0/0
Lines   total/split/realigned/skipped:	161/4/0/0
Lines   total/split/realigned/skipped:	149/4/0/0
Lines   total/split/realigned/skipped:	160/1/0/0
Lines   total/split/realigned/skipped:	168/5/0/0
Lines   total/split/realigned/skipped:	147/6/0/0
Lines   total/split/realigned/skipped:	163/0/0/0
Lines   total/split/realigned/skipped:	171/3/0/0
Lines   total/split/realigned/skipped:	163/3/0/0
Lines   total/split/realigned/skipped:	162/2/0/0
Lines   total/split/realigned/skipped:	174/2/0/0
Lines   total/split/realigned/skipped:	158/2/0/0
Lines   total/split/realigned/skipped:	149/5/0/0
Lines   total/split/realigned/skipped:	153/2/0/0
Lines   total/split/realigned/skipped:	161/1/0/0
Lines   total/split/realigned/skipped:	172/2/0/0
Lines   total/split/realigned/skipped:	154/2/0/0
Lines   total/split/realigned/skipped:	151/2/0/0
Lines   total/split/realigned/skipped:	161/3/0/0
Lines   total/split/realigned/skipped:	160/2/0/0
Lines   total/split/realigned/skipped:	156/4/0/0
Lines   total/split/realigned/skipped:	161/2/0/0
Lines   total/split/realigned/skipped:	172/3/0/0
Lines   total/split/realigned/skipped:	175/5/0/0
Lines   total/split/realigned/skipped:	163/5/0/0
Lines   total/split/realigned/skipped:	156/1/0/0
Lines   total/split/realigned/skipped:	149/2/0/0
Lines   total/split/realigned/skipped:	169/2/0/0
Lines   total/split/realigned/skipped:	170/6/0/0
Lines   total/split/realigned/skipped:	165/2/0/0
Lines   total/split/realigned/skipped:	160/0/0/0
Lines   total/split/realigned/skipped:	172/3/0/0
Lines   total/split/realigned/skipped:	148/2/0/0
Lines   total/split/realigned/skipped:	167/2/0/0
Lines   total/split/realigned/skipped:	147/3/0/0
Lines   total/split/realigned/skipped:	161/1/0/0
Lines   total/split/realigned/skipped:	171/5/0/0
Lines   total/split/realigned/skipped:	161/3/0/0
Lines   total/split/realigned/skipped:	154/4/0/0
Lines   total/split/realigned/skipped:	143/4/0/0
Lines   total/split/realigned/skipped:	168/2/0/0
Lines   total/split/realigned/skipped:	153/2/0/0
Lines   total/split/realigned/skipped:	155/2/0/0
Lines   total/split/realigned/skipped:	155/7/0/0
Lines   total/split/realigned/skipped:	170/3/0/0
Lines   total/split/realigned/skipped:	162/3/0/0
Lines   total/split/realigned/skipped:	174/7/0/0
Lines   total/split/realigned/skipped:	158/4/0/0
Lines   total/split/realigned/skipped:	174/1/0/0
Lines   total/split/realigned/skipped:	165/2/0/0
Lines   total/split/realigned/skipped:	146/5/0/0
Lines   total/split/realigned/skipped:	160/2/0/0
Lines   total/split/realigned/skipped:	160/3/0/0
Lines   total/split/realigned/skipped:	159/2/0/0
Lines   total/split/realigned/skipped:	163/3/0/0
Lines   total/split/realigned/skipped:	167/1/0/0
Lines   total/split/realigned/skipped:	164/4/0/0
Lines   total/split/realigned/skipped:	158/2/0/0
Lines   total/split/realigned/skipped:	162/5/0/0
Lines   total/split/realigned/skipped:	158/5/0/0
Lines   total/split/realigned/skipped:	172/3/0/0
Lines   total/split/realigned/skipped:	159/2/0/0
Lines   total/split/realigned/skipped:	160/4/0/0
Lines   total/split/realigned/skipped:	153/4/0/0
Lines   total/split/realigned/skipped:	163/3/0/0
Lines   total/split/realigned/skipped:	150/2/0/0
Lines   total/split/realigned/skipped:	157/5/0/0
Lines   total/split/realigned/skipped:	173/2/0/0
Lines   total/split/realigned/skipped:	158/2/0/0
Lines   total/split/realigned/skipped:	167/3/0/0
Lines   total/split/realigned/skipped:	167/2/0/0
Lines   total/split/realigned/skipped:	157/2/0/0
Lines   total/split/realigned/skipped:	158/2/0/0
Lines   total/split/realigned/skipped:	163/5/0/0
Lines   total/split/realigned/skipped:	164/2/0/0
Lines   total/split/realigned/skipped:	149/3/0/0
Lines   total/split/realigned/skipped:	164/1/0/0
Lines   total/split/realigned/skipped:	158/6/0/0
Lines   total/split/realigned/skipped:	164/1/0/0
Lines   total/split/realigned/skipped:	158/1/0/0
Lines   total/split/realigned/skipped:	149/3/0/0
Lines   total/split/realigned/skipped:	156/2/0/0
Lines   total/split/realigned/skipped:	151/4/0/0
Lines   total/split/realigned/skipped:	155/0/0/0
Lines   total/split/realigned/skipped:	158/1/0/0
Lines   total/split/realigned/skipped:	154/3/0/0
Lines   total/split/realigned/skipped:	144/4/0/0
Lines   total/split/realigned/skipped:	163/3/0/0
Lines   total/split/realigned/skipped:	172/2/0/0
Lines   total/split/realigned/skipped:	163/4/0/0
Lines   total/split/realigned/skipped:	163/3/0/0
Lines   total/split/realigned/skipped:	161/4/0/0
Lines   total/split/realigned/skipped:	157/0/0/0
Lines   total/split/realigned/skipped:	176/5/0/0
Lines   total/split/realigned/skipped:	160/2/0/0
Lines   total/split/realigned/skipped:	173/4/0/0
Lines   total/split/realigned/skipped:	161/2/0/0
Lines   total/split/realigned/skipped:	172/3/0/0
Lines   total/split/realigned/skipped:	145/0/0/0
Lines   total/split/realigned/skipped:	154/3/0/0
Lines   total/split/realigned/skipped:	158/1/0/0
Lines   total/split/realigned/skipped:	170/3/0/0
Lines   total/split/realigned/skipped:	174/5/0/0
Lines   total/split/realigned/skipped:	162/1/0/0
Lines   total/split/realigned/skipped:	161/0/0/0
Lines   total/split/realigned/skipped:	168/1/0/0
Lines   total/split/realigned/skipped:	173/4/0/0
Lines   total/split/realigned/skipped:	143/4/0/0
Lines   total/split/realigned/skipped:	156/2/0/0
Lines   total/split/realigned/skipped:	175/2/0/0
Lines   total/split/realigned/skipped:	172/4/0/0
Lines   total/split/realigned/skipped:	166/0/0/0
Lines   total/split/realigned/skipped:	157/4/0/0
Lines   total/split/realigned/skipped:	170/3/0/0
Lines   total/split/realigned/skipped:	169/4/0/0
Lines   total/split/realigned/skipped:	160/1/0/0
Lines   total/split/realigned/skipped:	172/4/0/0
Lines   total/split/realigned/skipped:	159/2/0/0
Lines   total/split/realigned/skipped:	145/1/0/0
Lines   total/split/realigned/skipped:	163/4/0/0
Lines   total/split/realigned/skipped:	166/1/0/0
Lines   total/split/realigned/skipped:	163/4/0/0
Lines   total/split/realigned/skipped:	149/2/0/0
Lines   total/split/realigned/skipped:	155/4/0/0
Lines   total/split/realigned/skipped:	162/3/0/0
Lines   total/split/realigned/skipped:	159/2/0/0
Lines   total/split/realigned/skipped:	152/1/0/0
Lines   total/split/realigned/skipped:	166/3/0/0
Lines   total/split/realigned/skipped:	155/4/0/0
Lines   total/split/realigned/skipped:	163/1/0/0
Lines   total/split/realigned/skipped:	165/3/0/0
Lines   total/split/realigned/skipped:	164/3/0/0
Lines   total/split/realigned/skipped:	152/2/0/0
Lines   total/split/realigned/skipped:	162/1/0/0
Lines   total/split/realigned/skipped:	148/0/0/0
Lines   total/split/realigned/skipped:	170/1/0/0
Lines   total/split/realigned/skipped:	176/2/0/0
Lines   total/split/realigned/skipped:	173/3/0/0
Lines   total/split/realigned/skipped:	153/3/0/0
Lines   total/split/realigned/skipped:	166/8/0/0
Lines   total/split/realigned/skipped:	163/3/0/0
Lines   total/split/realigned/skipped:	158/5/0/0
Lines   total/split/realigned/skipped:	160/3/0/0
Lines   total/split/realigned/skipped:	159/1/0/0
Lines   total/split/realigned/skipped:	175/3/0/0
Lines   total/split/realigned/skipped:	157/3/0/0
Lines   total/split/realigned/skipped:	167/1/0/0
Lines   total/split/realigned/skipped:	167/2/0/0
Lines   total/split/realigned/skipped:	161/1/0/0
Lines   total/split/realigned/skipped:	163/1/0/0
Lines   total/split/realigned/skipped:	153/2/0/0
Lines   total/split/realigned/skipped:	158/3/0/0
Lines   total/split/realigned/skipped:	177/5/0/0
Lines   total/split/realigned/skipped:	164/3/0/0
Lines   total/split/realigned/skipped:	166/2/0/0
Lines   total/split/realigned/skipped:	165/3/0/0
Lines   total/split/realigned/skipped:	159/3/0/0
Lines   total/split/realigned/skipped:	162/3/0/0
Lines   total/split/realigned/skipped:	171/5/0/0
Lines   total/split/realigned/skipped:	158/4/0/0
Lines   total/split/realigned/skipped:	162/1/0/0
Lines   total/split/realigned/skipped:	164/3/0/0
Lines   total/split/realigned/skipped:	165/1/0/0
Lines   total/split/realigned/skipped:	155/4/0/0
Lines   total/split/realigned/skipped:	153/1/0/0
Lines   total/split/realigned/skipped:	163/6/0/0
Lines   total/split/realigned/skipped:	160/5/0/0
Lines   total/split/realigned/skipped:	167/0/0/0
Lines   total/split/realigned/skipped:	156/1/0/0
Lines   total/split/realigned/skipped:	158/2/0/0
Lines   total/split/realigned/skipped:	155/2/0/0
Lines   total/split/realigned/skipped:	168/1/0/0
Lines   total/split/realigned/skipped:	169/1/0/0
Lines   total/split/realigned/skipped:	166/5/0/0
Lines   total/split/realigned/skipped:	163/3/0/0
Lines   total/split/realigned/skipped:	164/1/0/0
Lines   total/split/realigned/skipped:	168/2/0/0
Lines   total/split/realigned/skipped:	151/2/0/0
Lines   total/split/realigned/skipped:	160/5/0/0
Lines   total/split/realigned/skipped:	174/1/0/0
Lines   total/split/realigned/skipped:	168/2/0/0
Lines   total/split/realigned/skipped:	155/2/0/0
Lines   total/split/realigned/skipped:	153/2/0/0
Lines   total/split/realigned/skipped:	158/4/0/0
Lines   total/split/realigned/skipped:	157/5/0/0
Lines   total/split/realigned/skipped:	167/3/0/0
Lines   total/split/realigned/skipped:	155/2/0/0
Lines   total/split/realigned/skipped:	170/2/0/0
Lines   total/split/realigned/skipped:	178/4/0/0
Lines   total/split/realigned/skipped:	155/1/0/0
Lines   total/split/realigned/skipped:	148/4/0/0
Lines   total/split/realigned/skipped:	174/3/0/0
Lines   total/split/realigned/skipped:	177/1/0/0
Lines   total/split/realigned/skipped:	134/3/0/0
Lines   total/split/realigned/skipped:	163/4/0/0
Lines   total/split/realigned/skipped:	170/2/0/0
Lines   total/split/realigned/skipped:	163/0/0/0
Lines   total/split/realigned/skipped:	166/1/0/0
Lines   total/split/realigned/skipped:	166/3/0/0
Lines   total/split/realigned/skipped:	156/2/0/0
Lines   total/split/realigned/skipped:	159/5/0/0
Lines   total/split/realigned/skipped:	163/2/0/0
Lines   total/split/realigned/skipped:	160/1/0/0
Lines   total/split/realigned/skipped:	164/2/0/0
Lines   total/split/realigned/skipped:	146/1/0/0
Lines   total/split/realigned/skipped:	162/7/0/0
Lines   total/split/realigned/skipped:	168/2/0/0
Lines   total/split/realigned/skipped:	159/4/0/0
Lines   total/split/realigned/skipped:	169/0/0/0
Lines   total/split/realigned/skipped:	157/1/0/0
Lines   total/split/realigned/skipped:	151/4/0/0
Lines   total/split/realigned/skipped:	161/2/0/0
Lines   total/split/realigned/skipped:	159/4/0/0
Lines   total/split/realigned/skipped:	146/8/0/0
Lines   total/split/realigned/skipped:	151/2/0/0
Lines   total/split/realigned/skipped:	163/1/0/0
Lines   total/split/realigned/skipped:	166/3/0/0
Lines   total/split/realigned/skipped:	167/1/0/0
Lines   total/split/realigned/skipped:	159/2/0/0
Lines   total/split/realigned/skipped:	149/6/0/0
Lines   total/split/realigned/skipped:	146/1/0/0
Lines   total/split/realigned/skipped:	156/4/0/0
Lines   total/split/realigned/skipped:	163/1/0/0
Lines   total/split/realigned/skipped:	169/1/0/0
Lines   total/split/realigned/skipped:	162/0/0/0
Lines   total/split/realigned/skipped:	152/3/0/0
Lines   total/split/realigned/skipped:	156/2/0/0
Lines   total/split/realigned/skipped:	163/2/0/0
Lines   total/split/realigned/skipped:	179/4/0/0
Lines   total/split/realigned/skipped:	162/2/0/0
Lines   total/split/realigned/skipped:	162/2/0/0
Lines   total/split/realigned/skipped:	157/2/0/0
Lines   total/split/realigned/skipped:	157/3/0/0
Lines   total/split/realigned/skipped:	154/4/0/0
Lines   total/split/realigned/skipped:	151/2/0/0
Lines   total/split/realigned/skipped:	158/4/0/0
Lines   total/split/realigned/skipped:	170/3/0/0
Lines   total/split/realigned/skipped:	162/1/0/0
Lines   total/split/realigned/skipped:	158/3/0/0
Lines   total/split/realigned/skipped:	169/3/0/0
Lines   total/split/realigned/skipped:	175/3/0/0
Lines   total/split/realigned/skipped:	161/1/0/0
Lines   total/split/realigned/skipped:	161/1/0/0
Lines   total/split/realigned/skipped:	173/3/0/0
Lines   total/split/realigned/skipped:	159/1/0/0
Lines   total/split/realigned/skipped:	161/3/0/0
Lines   total/split/realigned/skipped:	158/1/0/0
Lines   total/split/realigned/skipped:	163/2/0/0
Lines   total/split/realigned/skipped:	172/4/0/0
Lines   total/split/realigned/skipped:	138/7/0/0
Lines   total/split/realigned/skipped:	160/3/0/0
Lines   total/split/realigned/skipped:	171/3/0/0
Lines   total/split/realigned/skipped:	166/4/0/0
Lines   total/split/realigned/skipped:	170/2/0/0
Lines   total/split/realigned/skipped:	141/6/0/0
Lines   total/split/realigned/skipped:	156/2/0/0
Lines   total/split/realigned/skipped:	158/3/0/0
Lines   total/split/realigned/skipped:	153/3/0/0
Lines   total/split/realigned/skipped:	175/2/0/0
Lines   total/split/realigned/skipped:	164/2/0/0
Lines   total/split/realigned/skipped:	158/4/0/0
Lines   total/split/realigned/skipped:	149/2/0/0
Lines   total/split/realigned/skipped:	158/3/0/0
Lines   total/split/realigned/skipped:	162/1/0/0
Lines   total/split/realigned/skipped:	156/1/0/0
Lines   total/split/realigned/skipped:	167/4/0/0
Lines   total/split/realigned/skipped:	151/2/0/0
Lines   total/split/realigned/skipped:	156/3/0/0
Lines   total/split/realigned/skipped:	147/6/0/0
Lines   total/split/realigned/skipped:	160/3/0/0
Lines   total/split/realigned/skipped:	140/1/0/0
Lines   total/split/realigned/skipped:	162/2/0/0
Lines   total/split/realigned/skipped:	159/3/0/0
Lines   total/split/realigned/skipped:	155/2/0/0
Lines   total/split/realigned/skipped:	164/1/0/0
Lines   total/split/realigned/skipped:	153/3/0/0
Lines   total/split/realigned/skipped:	168/5/0/0
Lines   total/split/realigned/skipped:	162/1/0/0
Lines   total/split/realigned/skipped:	169/4/0/0
Lines   total/split/realigned/skipped:	146/3/0/0
Lines   total/split/realigned/skipped:	163/7/0/0
Lines   total/split/realigned/skipped:	166/3/0/0
Lines   total/split/realigned/skipped:	156/5/0/0
Lines   total/split/realigned/skipped:	157/4/0/0
Lines   total/split/realigned/skipped:	158/6/0/0
Lines   total/split/realigned/skipped:	171/1/0/0
Lines   total/split/realigned/skipped:	146/0/0/0
Lines   total/split/realigned/skipped:	162/2/0/0
Lines   total/split/realigned/skipped:	139/1/0/0
Lines   total/split/realigned/skipped:	151/1/0/0
Lines   total/split/realigned/skipped:	164/3/0/0
Lines   total/split/realigned/skipped:	165/2/0/0
Lines   total/split/realigned/skipped:	166/1/0/0
Lines   total/split/realigned/skipped:	165/2/0/0
Lines   total/split/realigned/skipped:	170/3/0/0
Lines   total/split/realigned/skipped:	167/1/0/0
Lines   total/split/realigned/skipped:	163/1/0/0
Lines   total/split/realigned/skipped:	161/3/0/0
Lines   total/split/realigned/skipped:	156/7/0/0
Lines   total/split/realigned/skipped:	169/3/0/0
Lines   total/split/realigned/skipped:	162/3/0/0
Lines   total/split/realigned/skipped:	149/4/0/0
Lines   total/split/realigned/skipped:	161/1/0/0
Lines   total/split/realigned/skipped:	155/2/0/0
Lines   total/split/realigned/skipped:	161/3/0/0
Lines   total/split/realigned/skipped:	168/5/0/0
Lines   total/split/realigned/skipped:	169/1/0/0
Lines   total/split/realigned/skipped:	159/2/0/0
Lines   total/split/realigned/skipped:	158/0/0/0
Lines   total/split/realigned/skipped:	161/3/0/0
Lines   total/split/realigned/skipped:	154/2/0/0
Lines   total/split/realigned/skipped:	161/3/0/0
Lines   total/split/realigned/skipped:	164/3/0/0
Lines   total/split/realigned/skipped:	153/0/0/0
Lines   total/split/realigned/skipped:	171/0/0/0
Lines   total/split/realigned/skipped:	168/4/0/0
Lines   total/split/realigned/skipped:	156/3/0/0
Lines   total/split/realigned/skipped:	161/1/0/0
Lines   total/split/realigned/skipped:	169/2/0/0
Lines   total/split/realigned/skipped:	146/2/0/0
Lines   total/split/realigned/skipped:	164/4/0/0
Lines   total/split/realigned/skipped:	167/5/0/0
Lines   total/split/realigned/skipped:	167/1/0/0
Lines   total/split/realigned/skipped:	173/2/0/0
Lines   total/split/realigned/skipped:	155/1/0/0
Lines   total/split/realigned/skipped:	163/1/0/0
Lines   total/split/realigned/skipped:	162/2/0/0
Lines   total/split/realigned/skipped:	158/2/0/0
Lines   total/split/realigned/skipped:	159/1/0/0
Lines   total/split/realigned/skipped:	162/4/0/0
Lines   total/split/realigned/skipped:	171/3/0/0
Lines   total/split/realigned/skipped:	146/7/0/0
Lines   total/split/realigned/skipped:	168/5/0/0
Lines   total/split/realigned/skipped:	166/0/0/0
Lines   total/split/realigned/skipped:	173/2/0/0
Lines   total/split/realigned/skipped:	163/1/0/0
Lines   total/split/realigned/skipped:	173/4/0/0
Lines   total/split/realigned/skipped:	154/3/0/0
Lines   total/split/realigned/skipped:	161/2/0/0
Lines   total/split/realigned/skipped:	170/1/0/0
Lines   total/split/realigned/skipped:	163/1/0/0
Lines   total/split/realigned/skipped:	164/4/0/0
Lines   total/split/realigned/skipped:	155/2/0/0
Lines   total/split/realigned/skipped:	160/2/0/0
Lines   total/split/realigned/skipped:	158/2/0/0
Lines   total/split/realigned/skipped:	156/3/0/0
Lines   total/split/realigned/skipped:	165/1/0/0
Lines   total/split/realigned/skipped:	167/4/0/0
Lines   total/split/realigned/skipped:	163/5/0/0
Lines   total/split/realigned/skipped:	169/1/0/0
Lines   total/split/realigned/skipped:	172/2/0/0
Lines   total/split/realigned/skipped:	150/3/0/0
Lines   total/split/realigned/skipped:	171/1/0/0
Lines   total/split/realigned/skipped:	158/2/0/0
Lines   total/split/realigned/skipped:	149/3/0/0
Lines   total/split/realigned/skipped:	169/3/0/0
Lines   total/split/realigned/skipped:	161/2/0/0
Lines   total/split/realigned/skipped:	173/2/0/0
Lines   total/split/realigned/skipped:	153/4/0/0
Lines   total/split/realigned/skipped:	164/5/0/0
Lines   total/split/realigned/skipped:	169/5/0/0
Lines   total/split/realigned/skipped:	152/2/0/0
Lines   total/split/realigned/skipped:	159/5/0/0
Lines   total/split/realigned/skipped:	157/4/0/0
Lines   total/split/realigned/skipped:	133/4/0/0
Lines   total/split/realigned/skipped:	166/1/0/0
Lines   total/split/realigned/skipped:	164/2/0/0
Lines   total/split/realigned/skipped:	169/1/0/0
Lines   total/split/realigned/skipped:	168/1/0/0
Lines   total/split/realigned/skipped:	156/1/0/0
Lines   total/split/realigned/skipped:	151/0/0/0
Lines   total/split/realigned/skipped:	160/2/0/0
Lines   total/split/realigned/skipped:	173/3/0/0
Lines   total/split/realigned/skipped:	163/2/0/0
Lines   total/split/realigned/skipped:	166/0/0/0
Lines   total/split/realigned/skipped:	166/2/0/0
Lines   total/split/realigned/skipped:	162/3/0/0
Lines   total/split/realigned/skipped:	161/3/0/0
Lines   total/split/realigned/skipped:	161/3/0/0
Lines   total/split/realigned/skipped:	166/1/0/0
Lines   total/split/realigned/skipped:	158/1/0/0
Lines   total/split/realigned/skipped:	167/5/0/0
[E::hts_open_format] Failed to open file "NA" : No such file or directory
Could not read NA
Failed to read from standard input: unknown file type
Failed to read from standard input: unknown file type
Failed to read from standard input: unknown file type
Failed to read from standard input: unknown file type
Lines   total/split/realigned/skipped:	162/2/0/0
Lines   total/split/realigned/skipped:	160/2/0/0
Lines   total/split/realigned/skipped:	179/3/0/0
Lines   total/split/realigned/skipped:	167/4/0/0
Lines   total/split/realigned/skipped:	168/1/0/0
Lines   total/split/realigned/skipped:	162/3/0/0
Lines   total/split/realigned/skipped:	173/2/0/0
Lines   total/split/realigned/skipped:	162/4/0/0
Lines   total/split/realigned/skipped:	159/3/0/0
Lines   total/split/realigned/skipped:	166/4/0/0
Lines   total/split/realigned/skipped:	165/1/0/0
Lines   total/split/realigned/skipped:	167/2/0/0
Lines   total/split/realigned/skipped:	151/1/0/0
Lines   total/split/realigned/skipped:	160/3/0/0
Lines   total/split/realigned/skipped:	168/2/0/0
Lines   total/split/realigned/skipped:	165/2/0/0
Lines   total/split/realigned/skipped:	151/1/0/0
Lines   total/split/realigned/skipped:	165/2/0/0
Lines   total/split/realigned/skipped:	168/0/0/0
Lines   total/split/realigned/skipped:	163/1/0/0
Lines   total/split/realigned/skipped:	163/4/0/0
Lines   total/split/realigned/skipped:	182/2/0/0
Lines   total/split/realigned/skipped:	156/0/0/0
Lines   total/split/realigned/skipped:	157/4/0/0
Lines   total/split/realigned/skipped:	157/3/0/0
Lines   total/split/realigned/skipped:	159/2/0/0
Lines   total/split/realigned/skipped:	159/2/0/0
Lines   total/split/realigned/skipped:	165/2/0/0
Lines   total/split/realigned/skipped:	155/4/0/0
Lines   total/split/realigned/skipped:	164/3/0/0
Lines   total/split/realigned/skipped:	159/5/0/0
Lines   total/split/realigned/skipped:	174/3/0/0
Lines   total/split/realigned/skipped:	162/4/0/0
Lines   total/split/realigned/skipped:	164/2/0/0
Lines   total/split/realigned/skipped:	161/2/0/0
Lines   total/split/realigned/skipped:	172/1/0/0
Lines   total/split/realigned/skipped:	173/1/0/0
Lines   total/split/realigned/skipped:	168/3/0/0
Lines   total/split/realigned/skipped:	164/3/0/0
Lines   total/split/realigned/skipped:	163/1/0/0
Lines   total/split/realigned/skipped:	162/0/0/0
Lines   total/split/realigned/skipped:	170/6/0/0
Lines   total/split/realigned/skipped:	159/1/0/0
Lines   total/split/realigned/skipped:	168/4/0/0
Lines   total/split/realigned/skipped:	162/3/0/0
Lines   total/split/realigned/skipped:	171/3/0/0
Lines   total/split/realigned/skipped:	152/2/0/0
Lines   total/split/realigned/skipped:	159/3/0/0
Lines   total/split/realigned/skipped:	166/2/0/0
Lines   total/split/realigned/skipped:	170/2/0/0
Lines   total/split/realigned/skipped:	173/1/0/0
Lines   total/split/realigned/skipped:	158/2/0/0
Lines   total/split/realigned/skipped:	168/2/0/0
Lines   total/split/realigned/skipped:	153/2/0/0
Lines   total/split/realigned/skipped:	166/5/0/0
Lines   total/split/realigned/skipped:	159/2/0/0
Lines   total/split/realigned/skipped:	164/2/0/0
Lines   total/split/realigned/skipped:	173/3/0/0
Lines   total/split/realigned/skipped:	162/1/0/0
Lines   total/split/realigned/skipped:	168/2/0/0
Lines   total/split/realigned/skipped:	159/2/0/0
Lines   total/split/realigned/skipped:	165/2/0/0
Lines   total/split/realigned/skipped:	160/3/0/0
Lines   total/split/realigned/skipped:	158/1/0/0
Lines   total/split/realigned/skipped:	157/3/0/0
Lines   total/split/realigned/skipped:	153/3/0/0
Lines   total/split/realigned/skipped:	156/3/0/0
Lines   total/split/realigned/skipped:	170/4/0/0
Lines   total/split/realigned/skipped:	160/3/0/0
Lines   total/split/realigned/skipped:	162/5/0/0
Lines   total/split/realigned/skipped:	159/3/0/0
Lines   total/split/realigned/skipped:	170/5/0/0
Lines   total/split/realigned/skipped:	156/2/0/0
Lines   total/split/realigned/skipped:	165/3/0/0
Lines   total/split/realigned/skipped:	155/4/0/0
Lines   total/split/realigned/skipped:	158/1/0/0
Lines   total/split/realigned/skipped:	148/2/0/0
Lines   total/split/realigned/skipped:	165/0/0/0
Lines   total/split/realigned/skipped:	177/0/0/0
Lines   total/split/realigned/skipped:	163/2/0/0
Lines   total/split/realigned/skipped:	164/2/0/0
Lines   total/split/realigned/skipped:	159/1/0/0
Lines   total/split/realigned/skipped:	151/2/0/0
Lines   total/split/realigned/skipped:	154/3/0/0
Lines   total/split/realigned/skipped:	162/4/0/0
Lines   total/split/realigned/skipped:	181/3/0/0
Lines   total/split/realigned/skipped:	153/3/0/0
Lines   total/split/realigned/skipped:	164/3/0/0
Lines   total/split/realigned/skipped:	151/3/0/0
Lines   total/split/realigned/skipped:	164/1/0/0
Lines   total/split/realigned/skipped:	171/2/0/0
Lines   total/split/realigned/skipped:	165/1/0/0
Lines   total/split/realigned/skipped:	163/1/0/0
Lines   total/split/realigned/skipped:	163/3/0/0
Lines   total/split/realigned/skipped:	161/3/0/0
Lines   total/split/realigned/skipped:	170/5/0/0
Lines   total/split/realigned/skipped:	166/1/0/0
Lines   total/split/realigned/skipped:	158/3/0/0
Lines   total/split/realigned/skipped:	168/1/0/0
Lines   total/split/realigned/skipped:	148/4/0/0
Lines   total/split/realigned/skipped:	160/1/0/0
Lines   total/split/realigned/skipped:	170/2/0/0
Lines   total/split/realigned/skipped:	165/2/0/0
Lines   total/split/realigned/skipped:	151/3/0/0
Lines   total/split/realigned/skipped:	166/3/0/0
Lines   total/split/realigned/skipped:	159/1/0/0
Lines   total/split/realigned/skipped:	159/3/0/0
Lines   total/split/realigned/skipped:	159/3/0/0
Lines   total/split/realigned/skipped:	164/1/0/0
Lines   total/split/realigned/skipped:	160/1/0/0
[E::hts_open_format] Failed to open file "NA" : No such file or directory
Could not read NA
Failed to read from standard input: unknown file type
Failed to read from standard input: unknown file type
Failed to read from standard input: unknown file type
Failed to read from standard input: unknown file type
Lines   total/split/realigned/skipped:	164/3/0/0
Lines   total/split/realigned/skipped:	170/2/0/0
Lines   total/split/realigned/skipped:	172/4/0/0
Lines   total/split/realigned/skipped:	163/0/0/0
Lines   total/split/realigned/skipped:	182/4/0/0
Lines   total/split/realigned/skipped:	170/4/0/0
Lines   total/split/realigned/skipped:	146/5/0/0
Lines   total/split/realigned/skipped:	172/4/0/0
Lines   total/split/realigned/skipped:	157/2/0/0
Lines   total/split/realigned/skipped:	167/2/0/0
Lines   total/split/realigned/skipped:	158/3/0/0
Lines   total/split/realigned/skipped:	168/3/0/0
Lines   total/split/realigned/skipped:	167/1/0/0
Lines   total/split/realigned/skipped:	171/2/0/0
Lines   total/split/realigned/skipped:	154/4/0/0
Lines   total/split/realigned/skipped:	162/4/0/0
Lines   total/split/realigned/skipped:	173/5/0/0
Lines   total/split/realigned/skipped:	171/4/0/0
Lines   total/split/realigned/skipped:	165/3/0/0
Lines   total/split/realigned/skipped:	154/2/0/0
Lines   total/split/realigned/skipped:	170/4/0/0
Lines   total/split/realigned/skipped:	171/2/0/0
Lines   total/split/realigned/skipped:	174/3/0/0
Lines   total/split/realigned/skipped:	166/2/0/0
Lines   total/split/realigned/skipped:	163/3/0/0
Lines   total/split/realigned/skipped:	170/3/0/0
Lines   total/split/realigned/skipped:	172/1/0/0
Lines   total/split/realigned/skipped:	179/0/0/0
Lines   total/split/realigned/skipped:	164/5/0/0
Lines   total/split/realigned/skipped:	179/1/0/0
Lines   total/split/realigned/skipped:	160/1/0/0
Lines   total/split/realigned/skipped:	158/2/0/0
Lines   total/split/realigned/skipped:	156/4/0/0
Lines   total/split/realigned/skipped:	168/4/0/0
Lines   total/split/realigned/skipped:	161/0/0/0
Lines   total/split/realigned/skipped:	163/6/0/0
Lines   total/split/realigned/skipped:	157/1/0/0
Lines   total/split/realigned/skipped:	158/0/0/0
Lines   total/split/realigned/skipped:	159/2/0/0
Lines   total/split/realigned/skipped:	163/1/0/0
Lines   total/split/realigned/skipped:	163/3/0/0
Lines   total/split/realigned/skipped:	161/4/0/0
Lines   total/split/realigned/skipped:	171/3/0/0
Lines   total/split/realigned/skipped:	161/3/0/0
Lines   total/split/realigned/skipped:	153/5/0/0
Lines   total/split/realigned/skipped:	166/1/0/0
Lines   total/split/realigned/skipped:	146/3/0/0
Lines   total/split/realigned/skipped:	164/1/0/0
Lines   total/split/realigned/skipped:	166/2/0/0
Lines   total/split/realigned/skipped:	161/5/0/0
Lines   total/split/realigned/skipped:	161/4/0/0
Lines   total/split/realigned/skipped:	167/3/0/0
Lines   total/split/realigned/skipped:	168/3/0/0
Lines   total/split/realigned/skipped:	165/4/0/0
Lines   total/split/realigned/skipped:	164/1/0/0
Lines   total/split/realigned/skipped:	173/1/0/0
Lines   total/split/realigned/skipped:	172/5/0/0
Lines   total/split/realigned/skipped:	171/5/0/0
Lines   total/split/realigned/skipped:	169/4/0/0
Lines   total/split/realigned/skipped:	157/2/0/0
Lines   total/split/realigned/skipped:	173/3/0/0
Lines   total/split/realigned/skipped:	153/3/0/0
Lines   total/split/realigned/skipped:	167/1/0/0
Lines   total/split/realigned/skipped:	155/2/0/0
Lines   total/split/realigned/skipped:	166/3/0/0
Lines   total/split/realigned/skipped:	159/2/0/0
Lines   total/split/realigned/skipped:	150/1/0/0
Lines   total/split/realigned/skipped:	169/1/0/0
Lines   total/split/realigned/skipped:	158/2/0/0
Lines   total/split/realigned/skipped:	159/3/0/0
Lines   total/split/realigned/skipped:	170/5/0/0
Lines   total/split/realigned/skipped:	168/0/0/0
Lines   total/split/realigned/skipped:	170/2/0/0
Lines   total/split/realigned/skipped:	160/3/0/0
Lines   total/split/realigned/skipped:	167/0/0/0
Lines   total/split/realigned/skipped:	153/2/0/0
Lines   total/split/realigned/skipped:	157/2/0/0
Lines   total/split/realigned/skipped:	167/1/0/0
Lines   total/split/realigned/skipped:	171/4/0/0
Lines   total/split/realigned/skipped:	167/1/0/0
Lines   total/split/realigned/skipped:	155/2/0/0
Lines   total/split/realigned/skipped:	165/8/0/0
Lines   total/split/realigned/skipped:	166/2/0/0
Lines   total/split/realigned/skipped:	166/3/0/0
Lines   total/split/realigned/skipped:	170/0/0/0
Lines   total/split/realigned/skipped:	159/2/0/0
Lines   total/split/realigned/skipped:	168/4/0/0
Lines   total/split/realigned/skipped:	169/2/0/0
Lines   total/split/realigned/skipped:	162/3/0/0
Lines   total/split/realigned/skipped:	173/0/0/0
Lines   total/split/realigned/skipped:	169/1/0/0
Lines   total/split/realigned/skipped:	159/3/0/0
Lines   total/split/realigned/skipped:	172/2/0/0
Lines   total/split/realigned/skipped:	161/5/0/0
Lines   total/split/realigned/skipped:	150/2/0/0
Lines   total/split/realigned/skipped:	176/1/0/0
Lines   total/split/realigned/skipped:	171/1/0/0
Lines   total/split/realigned/skipped:	154/1/0/0
Lines   total/split/realigned/skipped:	156/4/0/0
Lines   total/split/realigned/skipped:	163/3/0/0
Lines   total/split/realigned/skipped:	152/2/0/0
Lines   total/split/realigned/skipped:	161/3/0/0
Lines   total/split/realigned/skipped:	172/2/0/0
Lines   total/split/realigned/skipped:	153/2/0/0
Lines   total/split/realigned/skipped:	161/1/0/0
Lines   total/split/realigned/skipped:	181/2/0/0
Lines   total/split/realigned/skipped:	157/3/0/0
Lines   total/split/realigned/skipped:	164/1/0/0
Lines   total/split/realigned/skipped:	174/2/0/0
Lines   total/split/realigned/skipped:	160/2/0/0
Lines   total/split/realigned/skipped:	169/4/0/0
Lines   total/split/realigned/skipped:	154/3/0/0
Lines   total/split/realigned/skipped:	166/6/0/0
Lines   total/split/realigned/skipped:	175/2/0/0
Lines   total/split/realigned/skipped:	165/2/0/0
Lines   total/split/realigned/skipped:	167/0/0/0
Lines   total/split/realigned/skipped:	159/2/0/0
Lines   total/split/realigned/skipped:	160/1/0/0
Lines   total/split/realigned/skipped:	157/4/0/0
Lines   total/split/realigned/skipped:	147/3/0/0
Lines   total/split/realigned/skipped:	180/9/0/0
Lines   total/split/realigned/skipped:	154/2/0/0
Lines   total/split/realigned/skipped:	168/4/0/0
Lines   total/split/realigned/skipped:	165/1/0/0
Lines   total/split/realigned/skipped:	168/5/0/0
Lines   total/split/realigned/skipped:	169/1/0/0
Lines   total/split/realigned/skipped:	168/5/0/0
Lines   total/split/realigned/skipped:	153/4/0/0
Lines   total/split/realigned/skipped:	175/3/0/0
Lines   total/split/realigned/skipped:	158/5/0/0
Lines   total/split/realigned/skipped:	162/1/0/0
Lines   total/split/realigned/skipped:	153/2/0/0
Lines   total/split/realigned/skipped:	168/5/0/0
Lines   total/split/realigned/skipped:	158/3/0/0
Lines   total/split/realigned/skipped:	147/1/0/0
Lines   total/split/realigned/skipped:	169/3/0/0
Lines   total/split/realigned/skipped:	164/1/0/0
Lines   total/split/realigned/skipped:	165/5/0/0
Lines   total/split/realigned/skipped:	154/3/0/0
Lines   total/split/realigned/skipped:	159/2/0/0
Lines   total/split/realigned/skipped:	165/3/0/0
Lines   total/split/realigned/skipped:	167/3/0/0
Lines   total/split/realigned/skipped:	157/4/0/0
Lines   total/split/realigned/skipped:	174/3/0/0
[E::hts_open_format] Failed to open file "NA" : No such file or directory
Could not read NA
Failed to read from standard input: unknown file type
Failed to read from standard input: unknown file type
Failed to read from standard input: unknown file type
Failed to read from standard input: unknown file type
Lines   total/split/realigned/skipped:	165/3/0/0
Lines   total/split/realigned/skipped:	166/3/0/0
Lines   total/split/realigned/skipped:	173/1/0/0
Lines   total/split/realigned/skipped:	167/3/0/0
Lines   total/split/realigned/skipped:	165/1/0/0
Lines   total/split/realigned/skipped:	147/3/0/0
Lines   total/split/realigned/skipped:	169/1/0/0
Lines   total/split/realigned/skipped:	168/1/0/0
Lines   total/split/realigned/skipped:	169/2/0/0
Lines   total/split/realigned/skipped:	162/4/0/0
Lines   total/split/realigned/skipped:	171/5/0/0
Lines   total/split/realigned/skipped:	162/2/0/0
Lines   total/split/realigned/skipped:	163/1/0/0
Lines   total/split/realigned/skipped:	161/3/0/0
Lines   total/split/realigned/skipped:	151/2/0/0
Lines   total/split/realigned/skipped:	162/1/0/0
Lines   total/split/realigned/skipped:	155/1/0/0
Lines   total/split/realigned/skipped:	160/3/0/0
Lines   total/split/realigned/skipped:	161/2/0/0
Lines   total/split/realigned/skipped:	158/3/0/0
Lines   total/split/realigned/skipped:	150/2/0/0
Lines   total/split/realigned/skipped:	161/2/0/0
Lines   total/split/realigned/skipped:	156/3/0/0
Lines   total/split/realigned/skipped:	158/4/0/0
Lines   total/split/realigned/skipped:	161/2/0/0
Lines   total/split/realigned/skipped:	177/1/0/0
Lines   total/split/realigned/skipped:	181/4/0/0
Lines   total/split/realigned/skipped:	166/1/0/0
Lines   total/split/realigned/skipped:	161/3/0/0
Lines   total/split/realigned/skipped:	164/3/0/0
Lines   total/split/realigned/skipped:	149/4/0/0
Lines   total/split/realigned/skipped:	172/4/0/0
Lines   total/split/realigned/skipped:	166/3/0/0
Lines   total/split/realigned/skipped:	155/2/0/0
Lines   total/split/realigned/skipped:	166/3/0/0
Lines   total/split/realigned/skipped:	174/2/0/0
Lines   total/split/realigned/skipped:	159/4/0/0
Lines   total/split/realigned/skipped:	160/3/0/0
Lines   total/split/realigned/skipped:	154/2/0/0
Lines   total/split/realigned/skipped:	159/2/0/0
Lines   total/split/realigned/skipped:	167/5/0/0
Lines   total/split/realigned/skipped:	169/2/0/0
Lines   total/split/realigned/skipped:	161/2/0/0
Lines   total/split/realigned/skipped:	168/5/0/0
Lines   total/split/realigned/skipped:	165/1/0/0
Lines   total/split/realigned/skipped:	161/3/0/0
Lines   total/split/realigned/skipped:	178/3/0/0
Lines   total/split/realigned/skipped:	149/3/0/0
Lines   total/split/realigned/skipped:	161/2/0/0
Lines   total/split/realigned/skipped:	173/2/0/0
Lines   total/split/realigned/skipped:	148/4/0/0
Lines   total/split/realigned/skipped:	162/1/0/0
Lines   total/split/realigned/skipped:	133/1/0/0
Lines   total/split/realigned/skipped:	170/1/0/0
Lines   total/split/realigned/skipped:	179/4/0/0
Lines   total/split/realigned/skipped:	165/2/0/0
Lines   total/split/realigned/skipped:	154/4/0/0
Lines   total/split/realigned/skipped:	169/2/0/0
Lines   total/split/realigned/skipped:	163/2/0/0
Lines   total/split/realigned/skipped:	147/6/0/0
Lines   total/split/realigned/skipped:	164/4/0/0
Lines   total/split/realigned/skipped:	160/2/0/0
Lines   total/split/realigned/skipped:	156/2/0/0
Lines   total/split/realigned/skipped:	158/5/0/0
Lines   total/split/realigned/skipped:	155/3/0/0
Lines   total/split/realigned/skipped:	175/4/0/0
Lines   total/split/realigned/skipped:	167/3/0/0
Lines   total/split/realigned/skipped:	157/2/0/0
Lines   total/split/realigned/skipped:	159/3/0/0
Lines   total/split/realigned/skipped:	160/2/0/0
Lines   total/split/realigned/skipped:	167/1/0/0
Lines   total/split/realigned/skipped:	165/2/0/0
Lines   total/split/realigned/skipped:	153/3/0/0
Lines   total/split/realigned/skipped:	179/2/0/0
Lines   total/split/realigned/skipped:	155/2/0/0
Lines   total/split/realigned/skipped:	169/1/0/0
Lines   total/split/realigned/skipped:	155/0/0/0
Lines   total/split/realigned/skipped:	141/4/0/0
Lines   total/split/realigned/skipped:	163/3/0/0
Lines   total/split/realigned/skipped:	166/4/0/0
Lines   total/split/realigned/skipped:	153/0/0/0
Lines   total/split/realigned/skipped:	164/3/0/0
Lines   total/split/realigned/skipped:	170/3/0/0
Lines   total/split/realigned/skipped:	156/4/0/0
Lines   total/split/realigned/skipped:	173/1/0/0
Lines   total/split/realigned/skipped:	158/3/0/0
Lines   total/split/realigned/skipped:	162/4/0/0
Lines   total/split/realigned/skipped:	157/2/0/0
Lines   total/split/realigned/skipped:	154/0/0/0
Lines   total/split/realigned/skipped:	171/2/0/0
Lines   total/split/realigned/skipped:	157/1/0/0
Lines   total/split/realigned/skipped:	151/2/0/0
Lines   total/split/realigned/skipped:	162/0/0/0
Lines   total/split/realigned/skipped:	172/1/0/0
Lines   total/split/realigned/skipped:	170/3/0/0
Lines   total/split/realigned/skipped:	162/4/0/0
Lines   total/split/realigned/skipped:	165/3/0/0
Lines   total/split/realigned/skipped:	163/2/0/0
Lines   total/split/realigned/skipped:	164/4/0/0
Lines   total/split/realigned/skipped:	148/2/0/0
Lines   total/split/realigned/skipped:	156/2/0/0
Lines   total/split/realigned/skipped:	167/5/0/0
Lines   total/split/realigned/skipped:	150/2/0/0
Lines   total/split/realigned/skipped:	165/3/0/0
Lines   total/split/realigned/skipped:	135/3/0/0
Lines   total/split/realigned/skipped:	166/1/0/0
Lines   total/split/realigned/skipped:	174/2/0/0
Lines   total/split/realigned/skipped:	155/1/0/0
Lines   total/split/realigned/skipped:	159/6/0/0
Lines   total/split/realigned/skipped:	159/3/0/0
Lines   total/split/realigned/skipped:	152/2/0/0
Lines   total/split/realigned/skipped:	156/2/0/0
Lines   total/split/realigned/skipped:	159/2/0/0
Lines   total/split/realigned/skipped:	158/3/0/0
Lines   total/split/realigned/skipped:	161/1/0/0
Lines   total/split/realigned/skipped:	160/0/0/0
Lines   total/split/realigned/skipped:	174/1/0/0
Lines   total/split/realigned/skipped:	171/2/0/0
Lines   total/split/realigned/skipped:	159/1/0/0
Lines   total/split/realigned/skipped:	158/5/0/0
Lines   total/split/realigned/skipped:	154/0/0/0
Lines   total/split/realigned/skipped:	161/2/0/0
Lines   total/split/realigned/skipped:	168/2/0/0
Lines   total/split/realigned/skipped:	153/5/0/0
Lines   total/split/realigned/skipped:	157/1/0/0
Lines   total/split/realigned/skipped:	151/1/0/0
Lines   total/split/realigned/skipped:	165/2/0/0
Lines   total/split/realigned/skipped:	159/7/0/0
Lines   total/split/realigned/skipped:	166/1/0/0
Lines   total/split/realigned/skipped:	165/6/0/0
Lines   total/split/realigned/skipped:	148/3/0/0
Lines   total/split/realigned/skipped:	168/4/0/0
Lines   total/split/realigned/skipped:	162/2/0/0
Lines   total/split/realigned/skipped:	165/3/0/0
Lines   total/split/realigned/skipped:	148/3/0/0
Lines   total/split/realigned/skipped:	158/3/0/0
Lines   total/split/realigned/skipped:	150/4/0/0
Lines   total/split/realigned/skipped:	156/2/0/0
Lines   total/split/realigned/skipped:	162/3/0/0
Lines   total/split/realigned/skipped:	166/2/0/0
Lines   total/split/realigned/skipped:	147/1/0/0
Lines   total/split/realigned/skipped:	161/4/0/0
Lines   total/split/realigned/skipped:	158/3/0/0
Lines   total/split/realigned/skipped:	154/4/0/0
Lines   total/split/realigned/skipped:	160/2/0/0
Lines   total/split/realigned/skipped:	165/4/0/0
Lines   total/split/realigned/skipped:	150/4/0/0
Lines   total/split/realigned/skipped:	140/4/0/0
Lines   total/split/realigned/skipped:	155/3/0/0
Lines   total/split/realigned/skipped:	161/3/0/0
Lines   total/split/realigned/skipped:	163/1/0/0
Lines   total/split/realigned/skipped:	152/1/0/0
Lines   total/split/realigned/skipped:	165/3/0/0
Lines   total/split/realigned/skipped:	154/2/0/0
Lines   total/split/realigned/skipped:	162/2/0/0
Lines   total/split/realigned/skipped:	165/3/0/0
Lines   total/split/realigned/skipped:	154/3/0/0
Lines   total/split/realigned/skipped:	160/1/0/0
Lines   total/split/realigned/skipped:	177/2/0/0
Lines   total/split/realigned/skipped:	162/4/0/0
Lines   total/split/realigned/skipped:	164/2/0/0
Lines   total/split/realigned/skipped:	166/1/0/0
Lines   total/split/realigned/skipped:	163/4/0/0
Lines   total/split/realigned/skipped:	141/4/0/0
Lines   total/split/realigned/skipped:	147/2/0/0
Lines   total/split/realigned/skipped:	168/1/0/0
Lines   total/split/realigned/skipped:	137/4/0/0
Lines   total/split/realigned/skipped:	167/5/0/0
Lines   total/split/realigned/skipped:	152/0/0/0
Lines   total/split/realigned/skipped:	161/5/0/0
Lines   total/split/realigned/skipped:	155/1/0/0
Lines   total/split/realigned/skipped:	155/0/0/0
Lines   total/split/realigned/skipped:	161/4/0/0
Lines   total/split/realigned/skipped:	151/1/0/0
Lines   total/split/realigned/skipped:	163/2/0/0
Lines   total/split/realigned/skipped:	162/1/0/0
Lines   total/split/realigned/skipped:	166/2/0/0
Lines   total/split/realigned/skipped:	159/5/0/0
Lines   total/split/realigned/skipped:	178/2/0/0
Lines   total/split/realigned/skipped:	156/3/0/0
Lines   total/split/realigned/skipped:	172/4/0/0
Lines   total/split/realigned/skipped:	168/2/0/0
Lines   total/split/realigned/skipped:	168/1/0/0
Lines   total/split/realigned/skipped:	159/4/0/0
Lines   total/split/realigned/skipped:	151/6/0/0
Lines   total/split/realigned/skipped:	154/2/0/0
Lines   total/split/realigned/skipped:	166/3/0/0
Lines   total/split/realigned/skipped:	154/4/0/0
Lines   total/split/realigned/skipped:	149/2/0/0
Lines   total/split/realigned/skipped:	148/2/0/0
Lines   total/split/realigned/skipped:	160/4/0/0
Lines   total/split/realigned/skipped:	168/2/0/0
Lines   total/split/realigned/skipped:	162/2/0/0
Lines   total/split/realigned/skipped:	166/1/0/0
Lines   total/split/realigned/skipped:	156/2/0/0
Lines   total/split/realigned/skipped:	158/3/0/0
Lines   total/split/realigned/skipped:	183/4/0/0
Lines   total/split/realigned/skipped:	170/3/0/0
Lines   total/split/realigned/skipped:	165/1/0/0
Lines   total/split/realigned/skipped:	164/2/0/0
Lines   total/split/realigned/skipped:	155/2/0/0
Lines   total/split/realigned/skipped:	159/1/0/0
Lines   total/split/realigned/skipped:	161/3/0/0
Lines   total/split/realigned/skipped:	155/3/0/0
Lines   total/split/realigned/skipped:	156/1/0/0
Lines   total/split/realigned/skipped:	156/1/0/0
Lines   total/split/realigned/skipped:	158/2/0/0
Lines   total/split/realigned/skipped:	143/0/0/0
Lines   total/split/realigned/skipped:	161/4/0/0
Lines   total/split/realigned/skipped:	149/4/0/0
Lines   total/split/realigned/skipped:	160/1/0/0
Lines   total/split/realigned/skipped:	168/5/0/0
Lines   total/split/realigned/skipped:	147/6/0/0
Lines   total/split/realigned/skipped:	163/0/0/0
Lines   total/split/realigned/skipped:	171/3/0/0
Lines   total/split/realigned/skipped:	163/3/0/0
Lines   total/split/realigned/skipped:	162/2/0/0
Lines   total/split/realigned/skipped:	174/2/0/0
Lines   total/split/realigned/skipped:	158/2/0/0
Lines   total/split/realigned/skipped:	149/5/0/0
Lines   total/split/realigned/skipped:	153/2/0/0
Lines   total/split/realigned/skipped:	161/1/0/0
Lines   total/split/realigned/skipped:	172/2/0/0
Lines   total/split/realigned/skipped:	154/2/0/0
Lines   total/split/realigned/skipped:	151/2/0/0
Lines   total/split/realigned/skipped:	161/3/0/0
Lines   total/split/realigned/skipped:	160/2/0/0
Lines   total/split/realigned/skipped:	156/4/0/0
Lines   total/split/realigned/skipped:	161/2/0/0
Lines   total/split/realigned/skipped:	172/3/0/0
Lines   total/split/realigned/skipped:	175/5/0/0
Lines   total/split/realigned/skipped:	163/5/0/0
Lines   total/split/realigned/skipped:	156/1/0/0
Lines   total/split/realigned/skipped:	149/2/0/0
Lines   total/split/realigned/skipped:	169/2/0/0
Lines   total/split/realigned/skipped:	170/6/0/0
Lines   total/split/realigned/skipped:	165/2/0/0
Lines   total/split/realigned/skipped:	160/0/0/0
Lines   total/split/realigned/skipped:	172/3/0/0
Lines   total/split/realigned/skipped:	148/2/0/0
Lines   total/split/realigned/skipped:	167/2/0/0
Lines   total/split/realigned/skipped:	147/3/0/0
Lines   total/split/realigned/skipped:	161/1/0/0
Lines   total/split/realigned/skipped:	171/5/0/0
Lines   total/split/realigned/skipped:	161/3/0/0
Lines   total/split/realigned/skipped:	154/4/0/0
Lines   total/split/realigned/skipped:	143/4/0/0
Lines   total/split/realigned/skipped:	168/2/0/0
Lines   total/split/realigned/skipped:	153/2/0/0
Lines   total/split/realigned/skipped:	155/2/0/0
Lines   total/split/realigned/skipped:	155/7/0/0
Lines   total/split/realigned/skipped:	170/3/0/0
Lines   total/split/realigned/skipped:	162/3/0/0
Lines   total/split/realigned/skipped:	174/7/0/0
Lines   total/split/realigned/skipped:	158/4/0/0
Lines   total/split/realigned/skipped:	174/1/0/0
Lines   total/split/realigned/skipped:	165/2/0/0
Lines   total/split/realigned/skipped:	146/5/0/0
Lines   total/split/realigned/skipped:	160/2/0/0
Lines   total/split/realigned/skipped:	160/3/0/0
Lines   total/split/realigned/skipped:	159/2/0/0
Lines   total/split/realigned/skipped:	163/3/0/0
Lines   total/split/realigned/skipped:	167/1/0/0
Lines   total/split/realigned/skipped:	164/4/0/0
Lines   total/split/realigned/skipped:	158/2/0/0
Lines   total/split/realigned/skipped:	162/5/0/0
Lines   total/split/realigned/skipped:	158/5/0/0
Lines   total/split/realigned/skipped:	172/3/0/0
Lines   total/split/realigned/skipped:	159/2/0/0
Lines   total/split/realigned/skipped:	160/4/0/0
Lines   total/split/realigned/skipped:	153/4/0/0
Lines   total/split/realigned/skipped:	163/3/0/0
Lines   total/split/realigned/skipped:	150/2/0/0
Lines   total/split/realigned/skipped:	157/5/0/0
Lines   total/split/realigned/skipped:	173/2/0/0
Lines   total/split/realigned/skipped:	158/2/0/0
Lines   total/split/realigned/skipped:	167/3/0/0
Lines   total/split/realigned/skipped:	167/2/0/0
Lines   total/split/realigned/skipped:	157/2/0/0
Lines   total/split/realigned/skipped:	158/2/0/0
Lines   total/split/realigned/skipped:	163/5/0/0
Lines   total/split/realigned/skipped:	164/2/0/0
Lines   total/split/realigned/skipped:	149/3/0/0
Lines   total/split/realigned/skipped:	164/1/0/0
Lines   total/split/realigned/skipped:	158/6/0/0
Lines   total/split/realigned/skipped:	164/1/0/0
Lines   total/split/realigned/skipped:	158/1/0/0
Lines   total/split/realigned/skipped:	149/3/0/0
Lines   total/split/realigned/skipped:	156/2/0/0
Lines   total/split/realigned/skipped:	151/4/0/0
Lines   total/split/realigned/skipped:	155/0/0/0
Lines   total/split/realigned/skipped:	158/1/0/0
Lines   total/split/realigned/skipped:	154/3/0/0
Lines   total/split/realigned/skipped:	144/4/0/0
Lines   total/split/realigned/skipped:	163/3/0/0
Lines   total/split/realigned/skipped:	172/2/0/0
Lines   total/split/realigned/skipped:	163/4/0/0
Lines   total/split/realigned/skipped:	163/3/0/0
Lines   total/split/realigned/skipped:	161/4/0/0
Lines   total/split/realigned/skipped:	157/0/0/0
Lines   total/split/realigned/skipped:	176/5/0/0
Lines   total/split/realigned/skipped:	160/2/0/0
Lines   total/split/realigned/skipped:	173/4/0/0
Lines   total/split/realigned/skipped:	161/2/0/0
Lines   total/split/realigned/skipped:	172/3/0/0
Lines   total/split/realigned/skipped:	145/0/0/0
Lines   total/split/realigned/skipped:	154/3/0/0
Lines   total/split/realigned/skipped:	158/1/0/0
Lines   total/split/realigned/skipped:	170/3/0/0
Lines   total/split/realigned/skipped:	174/5/0/0
Lines   total/split/realigned/skipped:	162/1/0/0
Lines   total/split/realigned/skipped:	161/0/0/0
Lines   total/split/realigned/skipped:	168/1/0/0
Lines   total/split/realigned/skipped:	173/4/0/0
Lines   total/split/realigned/skipped:	143/4/0/0
Lines   total/split/realigned/skipped:	156/2/0/0
Lines   total/split/realigned/skipped:	175/2/0/0
Lines   total/split/realigned/skipped:	172/4/0/0
Lines   total/split/realigned/skipped:	166/0/0/0
Lines   total/split/realigned/skipped:	157/4/0/0
Lines   total/split/realigned/skipped:	170/3/0/0
Lines   total/split/realigned/skipped:	169/4/0/0
Lines   total/split/realigned/skipped:	160/1/0/0
Lines   total/split/realigned/skipped:	172/4/0/0
Lines   total/split/realigned/skipped:	159/2/0/0
Lines   total/split/realigned/skipped:	145/1/0/0
Lines   total/split/realigned/skipped:	163/4/0/0
Lines   total/split/realigned/skipped:	166/1/0/0
Lines   total/split/realigned/skipped:	163/4/0/0
Lines   total/split/realigned/skipped:	149/2/0/0
Lines   total/split/realigned/skipped:	155/4/0/0
Lines   total/split/realigned/skipped:	162/3/0/0
Lines   total/split/realigned/skipped:	159/2/0/0
Lines   total/split/realigned/skipped:	152/1/0/0
Lines   total/split/realigned/skipped:	166/3/0/0
Lines   total/split/realigned/skipped:	155/4/0/0
Lines   total/split/realigned/skipped:	163/1/0/0
Lines   total/split/realigned/skipped:	165/3/0/0
Lines   total/split/realigned/skipped:	164/3/0/0
Lines   total/split/realigned/skipped:	152/2/0/0
Lines   total/split/realigned/skipped:	162/1/0/0
Lines   total/split/realigned/skipped:	148/0/0/0
Lines   total/split/realigned/skipped:	170/1/0/0
Lines   total/split/realigned/skipped:	176/2/0/0
Lines   total/split/realigned/skipped:	173/3/0/0
Lines   total/split/realigned/skipped:	153/3/0/0
Lines   total/split/realigned/skipped:	166/8/0/0
Lines   total/split/realigned/skipped:	163/3/0/0
Lines   total/split/realigned/skipped:	158/5/0/0
Lines   total/split/realigned/skipped:	160/3/0/0
Lines   total/split/realigned/skipped:	159/1/0/0
Lines   total/split/realigned/skipped:	175/3/0/0
Lines   total/split/realigned/skipped:	157/3/0/0
Lines   total/split/realigned/skipped:	167/1/0/0
Lines   total/split/realigned/skipped:	167/2/0/0
Lines   total/split/realigned/skipped:	161/1/0/0
Lines   total/split/realigned/skipped:	163/1/0/0
Lines   total/split/realigned/skipped:	153/2/0/0
Lines   total/split/realigned/skipped:	158/3/0/0
Lines   total/split/realigned/skipped:	177/5/0/0
Lines   total/split/realigned/skipped:	164/3/0/0
Lines   total/split/realigned/skipped:	166/2/0/0
Lines   total/split/realigned/skipped:	165/3/0/0
Lines   total/split/realigned/skipped:	159/3/0/0
Lines   total/split/realigned/skipped:	162/3/0/0
Lines   total/split/realigned/skipped:	171/5/0/0
Lines   total/split/realigned/skipped:	158/4/0/0
Lines   total/split/realigned/skipped:	162/1/0/0
Lines   total/split/realigned/skipped:	164/3/0/0
Lines   total/split/realigned/skipped:	165/1/0/0
Lines   total/split/realigned/skipped:	155/4/0/0
Lines   total/split/realigned/skipped:	153/1/0/0
Lines   total/split/realigned/skipped:	163/6/0/0
Lines   total/split/realigned/skipped:	160/5/0/0
Lines   total/split/realigned/skipped:	167/0/0/0
Lines   total/split/realigned/skipped:	156/1/0/0
Lines   total/split/realigned/skipped:	158/2/0/0
Lines   total/split/realigned/skipped:	155/2/0/0
Lines   total/split/realigned/skipped:	168/1/0/0
Lines   total/split/realigned/skipped:	169/1/0/0
Lines   total/split/realigned/skipped:	166/5/0/0
Lines   total/split/realigned/skipped:	163/3/0/0
Lines   total/split/realigned/skipped:	164/1/0/0
Lines   total/split/realigned/skipped:	168/2/0/0
Lines   total/split/realigned/skipped:	151/2/0/0
Lines   total/split/realigned/skipped:	160/5/0/0
Lines   total/split/realigned/skipped:	174/1/0/0
Lines   total/split/realigned/skipped:	168/2/0/0
Lines   total/split/realigned/skipped:	155/2/0/0
Lines   total/split/realigned/skipped:	153/2/0/0
Lines   total/split/realigned/skipped:	158/4/0/0
Lines   total/split/realigned/skipped:	157/5/0/0
Lines   total/split/realigned/skipped:	167/3/0/0
Lines   total/split/realigned/skipped:	155/2/0/0
Lines   total/split/realigned/skipped:	170/2/0/0
Lines   total/split/realigned/skipped:	178/4/0/0
Lines   total/split/realigned/skipped:	155/1/0/0
Lines   total/split/realigned/skipped:	148/4/0/0
Lines   total/split/realigned/skipped:	174/3/0/0
Lines   total/split/realigned/skipped:	177/1/0/0
Lines   total/split/realigned/skipped:	134/3/0/0
Lines   total/split/realigned/skipped:	163/4/0/0
Lines   total/split/realigned/skipped:	170/2/0/0
Lines   total/split/realigned/skipped:	163/0/0/0
Lines   total/split/realigned/skipped:	166/1/0/0
Lines   total/split/realigned/skipped:	166/3/0/0
Lines   total/split/realigned/skipped:	156/2/0/0
Lines   total/split/realigned/skipped:	159/5/0/0
Lines   total/split/realigned/skipped:	163/2/0/0
Lines   total/split/realigned/skipped:	160/1/0/0
Lines   total/split/realigned/skipped:	164/2/0/0
Lines   total/split/realigned/skipped:	146/1/0/0
Lines   total/split/realigned/skipped:	162/7/0/0
Lines   total/split/realigned/skipped:	168/2/0/0
Lines   total/split/realigned/skipped:	159/4/0/0
Lines   total/split/realigned/skipped:	169/0/0/0
Lines   total/split/realigned/skipped:	157/1/0/0
Lines   total/split/realigned/skipped:	151/4/0/0
Lines   total/split/realigned/skipped:	161/2/0/0
Lines   total/split/realigned/skipped:	159/4/0/0
Lines   total/split/realigned/skipped:	146/8/0/0
Lines   total/split/realigned/skipped:	151/2/0/0
Lines   total/split/realigned/skipped:	163/1/0/0
Lines   total/split/realigned/skipped:	166/3/0/0
Lines   total/split/realigned/skipped:	167/1/0/0
Lines   total/split/realigned/skipped:	159/2/0/0
Lines   total/split/realigned/skipped:	149/6/0/0
Lines   total/split/realigned/skipped:	146/1/0/0
Lines   total/split/realigned/skipped:	156/4/0/0
Lines   total/split/realigned/skipped:	163/1/0/0
Lines   total/split/realigned/skipped:	169/1/0/0
Lines   total/split/realigned/skipped:	162/0/0/0
Lines   total/split/realigned/skipped:	152/3/0/0
Lines   total/split/realigned/skipped:	156/2/0/0
Lines   total/split/realigned/skipped:	163/2/0/0
Lines   total/split/realigned/skipped:	179/4/0/0
Lines   total/split/realigned/skipped:	162/2/0/0
Lines   total/split/realigned/skipped:	162/2/0/0
Lines   total/split/realigned/skipped:	157/2/0/0
Lines   total/split/realigned/skipped:	157/3/0/0
Lines   total/split/realigned/skipped:	154/4/0/0
Lines   total/split/realigned/skipped:	151/2/0/0
Lines   total/split/realigned/skipped:	158/4/0/0
Lines   total/split/realigned/skipped:	170/3/0/0
Lines   total/split/realigned/skipped:	162/1/0/0
Lines   total/split/realigned/skipped:	158/3/0/0
Lines   total/split/realigned/skipped:	169/3/0/0
Lines   total/split/realigned/skipped:	175/3/0/0
Lines   total/split/realigned/skipped:	161/1/0/0
Lines   total/split/realigned/skipped:	161/1/0/0
Lines   total/split/realigned/skipped:	173/3/0/0
Lines   total/split/realigned/skipped:	159/1/0/0
Lines   total/split/realigned/skipped:	161/3/0/0
Lines   total/split/realigned/skipped:	158/1/0/0
Lines   total/split/realigned/skipped:	163/2/0/0
Lines   total/split/realigned/skipped:	172/4/0/0
Lines   total/split/realigned/skipped:	138/7/0/0
Lines   total/split/realigned/skipped:	160/3/0/0
Lines   total/split/realigned/skipped:	171/3/0/0
Lines   total/split/realigned/skipped:	166/4/0/0
Lines   total/split/realigned/skipped:	170/2/0/0
Lines   total/split/realigned/skipped:	141/6/0/0
Lines   total/split/realigned/skipped:	156/2/0/0
Lines   total/split/realigned/skipped:	158/3/0/0
Lines   total/split/realigned/skipped:	153/3/0/0
Lines   total/split/realigned/skipped:	175/2/0/0
Lines   total/split/realigned/skipped:	164/2/0/0
Lines   total/split/realigned/skipped:	158/4/0/0
Lines   total/split/realigned/skipped:	149/2/0/0
Lines   total/split/realigned/skipped:	158/3/0/0
Lines   total/split/realigned/skipped:	162/1/0/0
Lines   total/split/realigned/skipped:	156/1/0/0
Lines   total/split/realigned/skipped:	167/4/0/0
Lines   total/split/realigned/skipped:	151/2/0/0
Lines   total/split/realigned/skipped:	156/3/0/0
Lines   total/split/realigned/skipped:	147/6/0/0
Lines   total/split/realigned/skipped:	160/3/0/0
Lines   total/split/realigned/skipped:	140/1/0/0
Lines   total/split/realigned/skipped:	162/2/0/0
Lines   total/split/realigned/skipped:	159/3/0/0
Lines   total/split/realigned/skipped:	155/2/0/0
Lines   total/split/realigned/skipped:	164/1/0/0
Lines   total/split/realigned/skipped:	153/3/0/0
Lines   total/split/realigned/skipped:	168/5/0/0
Lines   total/split/realigned/skipped:	162/1/0/0
Lines   total/split/realigned/skipped:	169/4/0/0
Lines   total/split/realigned/skipped:	146/3/0/0
Lines   total/split/realigned/skipped:	163/7/0/0
Lines   total/split/realigned/skipped:	166/3/0/0
Lines   total/split/realigned/skipped:	156/5/0/0
Lines   total/split/realigned/skipped:	157/4/0/0
Lines   total/split/realigned/skipped:	158/6/0/0
Lines   total/split/realigned/skipped:	171/1/0/0
Lines   total/split/realigned/skipped:	146/0/0/0
Lines   total/split/realigned/skipped:	162/2/0/0
Lines   total/split/realigned/skipped:	139/1/0/0
Lines   total/split/realigned/skipped:	151/1/0/0
Lines   total/split/realigned/skipped:	164/3/0/0
Lines   total/split/realigned/skipped:	165/2/0/0
Lines   total/split/realigned/skipped:	166/1/0/0
Lines   total/split/realigned/skipped:	165/2/0/0
Lines   total/split/realigned/skipped:	170/3/0/0
Lines   total/split/realigned/skipped:	167/1/0/0
Lines   total/split/realigned/skipped:	163/1/0/0
Lines   total/split/realigned/skipped:	161/3/0/0
Lines   total/split/realigned/skipped:	156/7/0/0
Lines   total/split/realigned/skipped:	169/3/0/0
Lines   total/split/realigned/skipped:	162/3/0/0
Lines   total/split/realigned/skipped:	149/4/0/0
Lines   total/split/realigned/skipped:	161/1/0/0
Lines   total/split/realigned/skipped:	155/2/0/0
Lines   total/split/realigned/skipped:	161/3/0/0
Lines   total/split/realigned/skipped:	168/5/0/0
Lines   total/split/realigned/skipped:	169/1/0/0
Lines   total/split/realigned/skipped:	159/2/0/0
Lines   total/split/realigned/skipped:	158/0/0/0
Lines   total/split/realigned/skipped:	161/3/0/0
Lines   total/split/realigned/skipped:	154/2/0/0
Lines   total/split/realigned/skipped:	161/3/0/0
Lines   total/split/realigned/skipped:	164/3/0/0
Lines   total/split/realigned/skipped:	153/0/0/0
Lines   total/split/realigned/skipped:	171/0/0/0
Lines   total/split/realigned/skipped:	168/4/0/0
Lines   total/split/realigned/skipped:	156/3/0/0
